The system is: Linux - 4.4.0-72-generic - x86_64
Compiling the C compiler identification source file "CMakeCCompilerId.c" succeeded.
Compiler: /usr/bin/cc 
Build flags: 
Id flags: 

The output was:
0


Compilation of the C compiler identification source "CMakeCCompilerId.c" produced "a.out"

The C compiler identification is GNU, found in "/home/lucas/Downloads/dlib-sample/build/CMakeFiles/2.8.12.2/CompilerIdC/a.out"

Compiling the CXX compiler identification source file "CMakeCXXCompilerId.cpp" succeeded.
Compiler: /usr/bin/c++ 
Build flags: 
Id flags: 

The output was:
0


Compilation of the CXX compiler identification source "CMakeCXXCompilerId.cpp" produced "a.out"

The CXX compiler identification is GNU, found in "/home/lucas/Downloads/dlib-sample/build/CMakeFiles/2.8.12.2/CompilerIdCXX/a.out"

Determining if the C compiler works passed with the following output:
Change Dir: /home/lucas/Downloads/dlib-sample/build/CMakeFiles/CMakeTmp

Run Build Command:/usr/bin/make "cmTryCompileExec2273243946/fast"
/usr/bin/make -f CMakeFiles/cmTryCompileExec2273243946.dir/build.make CMakeFiles/cmTryCompileExec2273243946.dir/build
make[1]: Entering directory `/home/lucas/Downloads/dlib-sample/build/CMakeFiles/CMakeTmp'
/usr/bin/cmake -E cmake_progress_report /home/lucas/Downloads/dlib-sample/build/CMakeFiles/CMakeTmp/CMakeFiles 1
Building C object CMakeFiles/cmTryCompileExec2273243946.dir/testCCompiler.c.o
/usr/bin/cc    -o CMakeFiles/cmTryCompileExec2273243946.dir/testCCompiler.c.o   -c /home/lucas/Downloads/dlib-sample/build/CMakeFiles/CMakeTmp/testCCompiler.c
Linking C executable cmTryCompileExec2273243946
/usr/bin/cmake -E cmake_link_script CMakeFiles/cmTryCompileExec2273243946.dir/link.txt --verbose=1
/usr/bin/cc       CMakeFiles/cmTryCompileExec2273243946.dir/testCCompiler.c.o  -o cmTryCompileExec2273243946 -rdynamic 
make[1]: Leaving directory `/home/lucas/Downloads/dlib-sample/build/CMakeFiles/CMakeTmp'


Detecting C compiler ABI info compiled with the following output:
Change Dir: /home/lucas/Downloads/dlib-sample/build/CMakeFiles/CMakeTmp

Run Build Command:/usr/bin/make "cmTryCompileExec3079963788/fast"
/usr/bin/make -f CMakeFiles/cmTryCompileExec3079963788.dir/build.make CMakeFiles/cmTryCompileExec3079963788.dir/build
make[1]: Entering directory `/home/lucas/Downloads/dlib-sample/build/CMakeFiles/CMakeTmp'
/usr/bin/cmake -E cmake_progress_report /home/lucas/Downloads/dlib-sample/build/CMakeFiles/CMakeTmp/CMakeFiles 1
Building C object CMakeFiles/cmTryCompileExec3079963788.dir/CMakeCCompilerABI.c.o
/usr/bin/cc    -o CMakeFiles/cmTryCompileExec3079963788.dir/CMakeCCompilerABI.c.o   -c /usr/share/cmake-2.8/Modules/CMakeCCompilerABI.c
Linking C executable cmTryCompileExec3079963788
/usr/bin/cmake -E cmake_link_script CMakeFiles/cmTryCompileExec3079963788.dir/link.txt --verbose=1
/usr/bin/cc     -v CMakeFiles/cmTryCompileExec3079963788.dir/CMakeCCompilerABI.c.o  -o cmTryCompileExec3079963788 -rdynamic  
Using built-in specs.
COLLECT_GCC=/usr/bin/cc
COLLECT_LTO_WRAPPER=/usr/lib/gcc/x86_64-linux-gnu/4.8/lto-wrapper
Target: x86_64-linux-gnu
Configured with: ../src/configure -v --with-pkgversion='Ubuntu 4.8.4-2ubuntu1~14.04.3' --with-bugurl=file:///usr/share/doc/gcc-4.8/README.Bugs --enable-languages=c,c++,java,go,d,fortran,objc,obj-c++ --prefix=/usr --program-suffix=-4.8 --enable-shared --enable-linker-build-id --libexecdir=/usr/lib --without-included-gettext --enable-threads=posix --with-gxx-include-dir=/usr/include/c++/4.8 --libdir=/usr/lib --enable-nls --with-sysroot=/ --enable-clocale=gnu --enable-libstdcxx-debug --enable-libstdcxx-time=yes --enable-gnu-unique-object --disable-libmudflap --enable-plugin --with-system-zlib --disable-browser-plugin --enable-java-awt=gtk --enable-gtk-cairo --with-java-home=/usr/lib/jvm/java-1.5.0-gcj-4.8-amd64/jre --enable-java-home --with-jvm-root-dir=/usr/lib/jvm/java-1.5.0-gcj-4.8-amd64 --with-jvm-jar-dir=/usr/lib/jvm-exports/java-1.5.0-gcj-4.8-amd64 --with-arch-directory=amd64 --with-ecj-jar=/usr/share/java/eclipse-ecj.jar --enable-objc-gc --enable-multiarch --disable-werror --with-arch-32=i686 --with-abi=m64 --with-multilib-list=m32,m64,mx32 --with-tune=generic --enable-checking=release --build=x86_64-linux-gnu --host=x86_64-linux-gnu --target=x86_64-linux-gnu
Thread model: posix
gcc version 4.8.4 (Ubuntu 4.8.4-2ubuntu1~14.04.3) 
COMPILER_PATH=/usr/lib/gcc/x86_64-linux-gnu/4.8/:/usr/lib/gcc/x86_64-linux-gnu/4.8/:/usr/lib/gcc/x86_64-linux-gnu/:/usr/lib/gcc/x86_64-linux-gnu/4.8/:/usr/lib/gcc/x86_64-linux-gnu/
LIBRARY_PATH=/usr/lib/gcc/x86_64-linux-gnu/4.8/:/usr/lib/gcc/x86_64-linux-gnu/4.8/../../../x86_64-linux-gnu/:/usr/lib/gcc/x86_64-linux-gnu/4.8/../../../../lib/:/lib/x86_64-linux-gnu/:/lib/../lib/:/usr/lib/x86_64-linux-gnu/:/usr/lib/../lib/:/usr/lib/gcc/x86_64-linux-gnu/4.8/../../../:/lib/:/usr/lib/
COLLECT_GCC_OPTIONS='-v' '-o' 'cmTryCompileExec3079963788' '-rdynamic' '-mtune=generic' '-march=x86-64'
 /usr/lib/gcc/x86_64-linux-gnu/4.8/collect2 --sysroot=/ --build-id --eh-frame-hdr -m elf_x86_64 --hash-style=gnu --as-needed -export-dynamic -dynamic-linker /lib64/ld-linux-x86-64.so.2 -z relro -o cmTryCompileExec3079963788 /usr/lib/gcc/x86_64-linux-gnu/4.8/../../../x86_64-linux-gnu/crt1.o /usr/lib/gcc/x86_64-linux-gnu/4.8/../../../x86_64-linux-gnu/crti.o /usr/lib/gcc/x86_64-linux-gnu/4.8/crtbegin.o -L/usr/lib/gcc/x86_64-linux-gnu/4.8 -L/usr/lib/gcc/x86_64-linux-gnu/4.8/../../../x86_64-linux-gnu -L/usr/lib/gcc/x86_64-linux-gnu/4.8/../../../../lib -L/lib/x86_64-linux-gnu -L/lib/../lib -L/usr/lib/x86_64-linux-gnu -L/usr/lib/../lib -L/usr/lib/gcc/x86_64-linux-gnu/4.8/../../.. CMakeFiles/cmTryCompileExec3079963788.dir/CMakeCCompilerABI.c.o -lgcc --as-needed -lgcc_s --no-as-needed -lc -lgcc --as-needed -lgcc_s --no-as-needed /usr/lib/gcc/x86_64-linux-gnu/4.8/crtend.o /usr/lib/gcc/x86_64-linux-gnu/4.8/../../../x86_64-linux-gnu/crtn.o
make[1]: Leaving directory `/home/lucas/Downloads/dlib-sample/build/CMakeFiles/CMakeTmp'


Parsed C implicit link information from above output:
  link line regex: [^( *|.*[/\])(ld|([^/\]+-)?ld|collect2)[^/\]*( |$)]
  ignore line: [Change Dir: /home/lucas/Downloads/dlib-sample/build/CMakeFiles/CMakeTmp]
  ignore line: []
  ignore line: [Run Build Command:/usr/bin/make "cmTryCompileExec3079963788/fast"]
  ignore line: [/usr/bin/make -f CMakeFiles/cmTryCompileExec3079963788.dir/build.make CMakeFiles/cmTryCompileExec3079963788.dir/build]
  ignore line: [make[1]: Entering directory `/home/lucas/Downloads/dlib-sample/build/CMakeFiles/CMakeTmp']
  ignore line: [/usr/bin/cmake -E cmake_progress_report /home/lucas/Downloads/dlib-sample/build/CMakeFiles/CMakeTmp/CMakeFiles 1]
  ignore line: [Building C object CMakeFiles/cmTryCompileExec3079963788.dir/CMakeCCompilerABI.c.o]
  ignore line: [/usr/bin/cc    -o CMakeFiles/cmTryCompileExec3079963788.dir/CMakeCCompilerABI.c.o   -c /usr/share/cmake-2.8/Modules/CMakeCCompilerABI.c]
  ignore line: [Linking C executable cmTryCompileExec3079963788]
  ignore line: [/usr/bin/cmake -E cmake_link_script CMakeFiles/cmTryCompileExec3079963788.dir/link.txt --verbose=1]
  ignore line: [/usr/bin/cc     -v CMakeFiles/cmTryCompileExec3079963788.dir/CMakeCCompilerABI.c.o  -o cmTryCompileExec3079963788 -rdynamic  ]
  ignore line: [Using built-in specs.]
  ignore line: [COLLECT_GCC=/usr/bin/cc]
  ignore line: [COLLECT_LTO_WRAPPER=/usr/lib/gcc/x86_64-linux-gnu/4.8/lto-wrapper]
  ignore line: [Target: x86_64-linux-gnu]
  ignore line: [Configured with: ../src/configure -v --with-pkgversion='Ubuntu 4.8.4-2ubuntu1~14.04.3' --with-bugurl=file:///usr/share/doc/gcc-4.8/README.Bugs --enable-languages=c,c++,java,go,d,fortran,objc,obj-c++ --prefix=/usr --program-suffix=-4.8 --enable-shared --enable-linker-build-id --libexecdir=/usr/lib --without-included-gettext --enable-threads=posix --with-gxx-include-dir=/usr/include/c++/4.8 --libdir=/usr/lib --enable-nls --with-sysroot=/ --enable-clocale=gnu --enable-libstdcxx-debug --enable-libstdcxx-time=yes --enable-gnu-unique-object --disable-libmudflap --enable-plugin --with-system-zlib --disable-browser-plugin --enable-java-awt=gtk --enable-gtk-cairo --with-java-home=/usr/lib/jvm/java-1.5.0-gcj-4.8-amd64/jre --enable-java-home --with-jvm-root-dir=/usr/lib/jvm/java-1.5.0-gcj-4.8-amd64 --with-jvm-jar-dir=/usr/lib/jvm-exports/java-1.5.0-gcj-4.8-amd64 --with-arch-directory=amd64 --with-ecj-jar=/usr/share/java/eclipse-ecj.jar --enable-objc-gc --enable-multiarch --disable-werror --with-arch-32=i686 --with-abi=m64 --with-multilib-list=m32,m64,mx32 --with-tune=generic --enable-checking=release --build=x86_64-linux-gnu --host=x86_64-linux-gnu --target=x86_64-linux-gnu]
  ignore line: [Thread model: posix]
  ignore line: [gcc version 4.8.4 (Ubuntu 4.8.4-2ubuntu1~14.04.3) ]
  ignore line: [COMPILER_PATH=/usr/lib/gcc/x86_64-linux-gnu/4.8/:/usr/lib/gcc/x86_64-linux-gnu/4.8/:/usr/lib/gcc/x86_64-linux-gnu/:/usr/lib/gcc/x86_64-linux-gnu/4.8/:/usr/lib/gcc/x86_64-linux-gnu/]
  ignore line: [LIBRARY_PATH=/usr/lib/gcc/x86_64-linux-gnu/4.8/:/usr/lib/gcc/x86_64-linux-gnu/4.8/../../../x86_64-linux-gnu/:/usr/lib/gcc/x86_64-linux-gnu/4.8/../../../../lib/:/lib/x86_64-linux-gnu/:/lib/../lib/:/usr/lib/x86_64-linux-gnu/:/usr/lib/../lib/:/usr/lib/gcc/x86_64-linux-gnu/4.8/../../../:/lib/:/usr/lib/]
  ignore line: [COLLECT_GCC_OPTIONS='-v' '-o' 'cmTryCompileExec3079963788' '-rdynamic' '-mtune=generic' '-march=x86-64']
  link line: [ /usr/lib/gcc/x86_64-linux-gnu/4.8/collect2 --sysroot=/ --build-id --eh-frame-hdr -m elf_x86_64 --hash-style=gnu --as-needed -export-dynamic -dynamic-linker /lib64/ld-linux-x86-64.so.2 -z relro -o cmTryCompileExec3079963788 /usr/lib/gcc/x86_64-linux-gnu/4.8/../../../x86_64-linux-gnu/crt1.o /usr/lib/gcc/x86_64-linux-gnu/4.8/../../../x86_64-linux-gnu/crti.o /usr/lib/gcc/x86_64-linux-gnu/4.8/crtbegin.o -L/usr/lib/gcc/x86_64-linux-gnu/4.8 -L/usr/lib/gcc/x86_64-linux-gnu/4.8/../../../x86_64-linux-gnu -L/usr/lib/gcc/x86_64-linux-gnu/4.8/../../../../lib -L/lib/x86_64-linux-gnu -L/lib/../lib -L/usr/lib/x86_64-linux-gnu -L/usr/lib/../lib -L/usr/lib/gcc/x86_64-linux-gnu/4.8/../../.. CMakeFiles/cmTryCompileExec3079963788.dir/CMakeCCompilerABI.c.o -lgcc --as-needed -lgcc_s --no-as-needed -lc -lgcc --as-needed -lgcc_s --no-as-needed /usr/lib/gcc/x86_64-linux-gnu/4.8/crtend.o /usr/lib/gcc/x86_64-linux-gnu/4.8/../../../x86_64-linux-gnu/crtn.o]
    arg [/usr/lib/gcc/x86_64-linux-gnu/4.8/collect2] ==> ignore
    arg [--sysroot=/] ==> ignore
    arg [--build-id] ==> ignore
    arg [--eh-frame-hdr] ==> ignore
    arg [-m] ==> ignore
    arg [elf_x86_64] ==> ignore
    arg [--hash-style=gnu] ==> ignore
    arg [--as-needed] ==> ignore
    arg [-export-dynamic] ==> ignore
    arg [-dynamic-linker] ==> ignore
    arg [/lib64/ld-linux-x86-64.so.2] ==> ignore
    arg [-zrelro] ==> ignore
    arg [-o] ==> ignore
    arg [cmTryCompileExec3079963788] ==> ignore
    arg [/usr/lib/gcc/x86_64-linux-gnu/4.8/../../../x86_64-linux-gnu/crt1.o] ==> ignore
    arg [/usr/lib/gcc/x86_64-linux-gnu/4.8/../../../x86_64-linux-gnu/crti.o] ==> ignore
    arg [/usr/lib/gcc/x86_64-linux-gnu/4.8/crtbegin.o] ==> ignore
    arg [-L/usr/lib/gcc/x86_64-linux-gnu/4.8] ==> dir [/usr/lib/gcc/x86_64-linux-gnu/4.8]
    arg [-L/usr/lib/gcc/x86_64-linux-gnu/4.8/../../../x86_64-linux-gnu] ==> dir [/usr/lib/gcc/x86_64-linux-gnu/4.8/../../../x86_64-linux-gnu]
    arg [-L/usr/lib/gcc/x86_64-linux-gnu/4.8/../../../../lib] ==> dir [/usr/lib/gcc/x86_64-linux-gnu/4.8/../../../../lib]
    arg [-L/lib/x86_64-linux-gnu] ==> dir [/lib/x86_64-linux-gnu]
    arg [-L/lib/../lib] ==> dir [/lib/../lib]
    arg [-L/usr/lib/x86_64-linux-gnu] ==> dir [/usr/lib/x86_64-linux-gnu]
    arg [-L/usr/lib/../lib] ==> dir [/usr/lib/../lib]
    arg [-L/usr/lib/gcc/x86_64-linux-gnu/4.8/../../..] ==> dir [/usr/lib/gcc/x86_64-linux-gnu/4.8/../../..]
    arg [CMakeFiles/cmTryCompileExec3079963788.dir/CMakeCCompilerABI.c.o] ==> ignore
    arg [-lgcc] ==> lib [gcc]
    arg [--as-needed] ==> ignore
    arg [-lgcc_s] ==> lib [gcc_s]
    arg [--no-as-needed] ==> ignore
    arg [-lc] ==> lib [c]
    arg [-lgcc] ==> lib [gcc]
    arg [--as-needed] ==> ignore
    arg [-lgcc_s] ==> lib [gcc_s]
    arg [--no-as-needed] ==> ignore
    arg [/usr/lib/gcc/x86_64-linux-gnu/4.8/crtend.o] ==> ignore
    arg [/usr/lib/gcc/x86_64-linux-gnu/4.8/../../../x86_64-linux-gnu/crtn.o] ==> ignore
  remove lib [gcc]
  remove lib [gcc_s]
  remove lib [gcc]
  remove lib [gcc_s]
  collapse library dir [/usr/lib/gcc/x86_64-linux-gnu/4.8] ==> [/usr/lib/gcc/x86_64-linux-gnu/4.8]
  collapse library dir [/usr/lib/gcc/x86_64-linux-gnu/4.8/../../../x86_64-linux-gnu] ==> [/usr/lib/x86_64-linux-gnu]
  collapse library dir [/usr/lib/gcc/x86_64-linux-gnu/4.8/../../../../lib] ==> [/usr/lib]
  collapse library dir [/lib/x86_64-linux-gnu] ==> [/lib/x86_64-linux-gnu]
  collapse library dir [/lib/../lib] ==> [/lib]
  collapse library dir [/usr/lib/x86_64-linux-gnu] ==> [/usr/lib/x86_64-linux-gnu]
  collapse library dir [/usr/lib/../lib] ==> [/usr/lib]
  collapse library dir [/usr/lib/gcc/x86_64-linux-gnu/4.8/../../..] ==> [/usr/lib]
  implicit libs: [c]
  implicit dirs: [/usr/lib/gcc/x86_64-linux-gnu/4.8;/usr/lib/x86_64-linux-gnu;/usr/lib;/lib/x86_64-linux-gnu;/lib]
  implicit fwks: []


Determining if the CXX compiler works passed with the following output:
Change Dir: /home/lucas/Downloads/dlib-sample/build/CMakeFiles/CMakeTmp

Run Build Command:/usr/bin/make "cmTryCompileExec2313983746/fast"
/usr/bin/make -f CMakeFiles/cmTryCompileExec2313983746.dir/build.make CMakeFiles/cmTryCompileExec2313983746.dir/build
make[1]: Entering directory `/home/lucas/Downloads/dlib-sample/build/CMakeFiles/CMakeTmp'
/usr/bin/cmake -E cmake_progress_report /home/lucas/Downloads/dlib-sample/build/CMakeFiles/CMakeTmp/CMakeFiles 1
Building CXX object CMakeFiles/cmTryCompileExec2313983746.dir/testCXXCompiler.cxx.o
/usr/bin/c++     -o CMakeFiles/cmTryCompileExec2313983746.dir/testCXXCompiler.cxx.o -c /home/lucas/Downloads/dlib-sample/build/CMakeFiles/CMakeTmp/testCXXCompiler.cxx
Linking CXX executable cmTryCompileExec2313983746
/usr/bin/cmake -E cmake_link_script CMakeFiles/cmTryCompileExec2313983746.dir/link.txt --verbose=1
/usr/bin/c++        CMakeFiles/cmTryCompileExec2313983746.dir/testCXXCompiler.cxx.o  -o cmTryCompileExec2313983746 -rdynamic 
make[1]: Leaving directory `/home/lucas/Downloads/dlib-sample/build/CMakeFiles/CMakeTmp'


Detecting CXX compiler ABI info compiled with the following output:
Change Dir: /home/lucas/Downloads/dlib-sample/build/CMakeFiles/CMakeTmp

Run Build Command:/usr/bin/make "cmTryCompileExec2482497165/fast"
/usr/bin/make -f CMakeFiles/cmTryCompileExec2482497165.dir/build.make CMakeFiles/cmTryCompileExec2482497165.dir/build
make[1]: Entering directory `/home/lucas/Downloads/dlib-sample/build/CMakeFiles/CMakeTmp'
/usr/bin/cmake -E cmake_progress_report /home/lucas/Downloads/dlib-sample/build/CMakeFiles/CMakeTmp/CMakeFiles 1
Building CXX object CMakeFiles/cmTryCompileExec2482497165.dir/CMakeCXXCompilerABI.cpp.o
/usr/bin/c++     -o CMakeFiles/cmTryCompileExec2482497165.dir/CMakeCXXCompilerABI.cpp.o -c /usr/share/cmake-2.8/Modules/CMakeCXXCompilerABI.cpp
Linking CXX executable cmTryCompileExec2482497165
/usr/bin/cmake -E cmake_link_script CMakeFiles/cmTryCompileExec2482497165.dir/link.txt --verbose=1
/usr/bin/c++      -v CMakeFiles/cmTryCompileExec2482497165.dir/CMakeCXXCompilerABI.cpp.o  -o cmTryCompileExec2482497165 -rdynamic  
Using built-in specs.
COLLECT_GCC=/usr/bin/c++
COLLECT_LTO_WRAPPER=/usr/lib/gcc/x86_64-linux-gnu/4.8/lto-wrapper
Target: x86_64-linux-gnu
Configured with: ../src/configure -v --with-pkgversion='Ubuntu 4.8.4-2ubuntu1~14.04.3' --with-bugurl=file:///usr/share/doc/gcc-4.8/README.Bugs --enable-languages=c,c++,java,go,d,fortran,objc,obj-c++ --prefix=/usr --program-suffix=-4.8 --enable-shared --enable-linker-build-id --libexecdir=/usr/lib --without-included-gettext --enable-threads=posix --with-gxx-include-dir=/usr/include/c++/4.8 --libdir=/usr/lib --enable-nls --with-sysroot=/ --enable-clocale=gnu --enable-libstdcxx-debug --enable-libstdcxx-time=yes --enable-gnu-unique-object --disable-libmudflap --enable-plugin --with-system-zlib --disable-browser-plugin --enable-java-awt=gtk --enable-gtk-cairo --with-java-home=/usr/lib/jvm/java-1.5.0-gcj-4.8-amd64/jre --enable-java-home --with-jvm-root-dir=/usr/lib/jvm/java-1.5.0-gcj-4.8-amd64 --with-jvm-jar-dir=/usr/lib/jvm-exports/java-1.5.0-gcj-4.8-amd64 --with-arch-directory=amd64 --with-ecj-jar=/usr/share/java/eclipse-ecj.jar --enable-objc-gc --enable-multiarch --disable-werror --with-arch-32=i686 --with-abi=m64 --with-multilib-list=m32,m64,mx32 --with-tune=generic --enable-checking=release --build=x86_64-linux-gnu --host=x86_64-linux-gnu --target=x86_64-linux-gnu
Thread model: posix
gcc version 4.8.4 (Ubuntu 4.8.4-2ubuntu1~14.04.3) 
COMPILER_PATH=/usr/lib/gcc/x86_64-linux-gnu/4.8/:/usr/lib/gcc/x86_64-linux-gnu/4.8/:/usr/lib/gcc/x86_64-linux-gnu/:/usr/lib/gcc/x86_64-linux-gnu/4.8/:/usr/lib/gcc/x86_64-linux-gnu/
LIBRARY_PATH=/usr/lib/gcc/x86_64-linux-gnu/4.8/:/usr/lib/gcc/x86_64-linux-gnu/4.8/../../../x86_64-linux-gnu/:/usr/lib/gcc/x86_64-linux-gnu/4.8/../../../../lib/:/lib/x86_64-linux-gnu/:/lib/../lib/:/usr/lib/x86_64-linux-gnu/:/usr/lib/../lib/:/usr/lib/gcc/x86_64-linux-gnu/4.8/../../../:/lib/:/usr/lib/
COLLECT_GCC_OPTIONS='-v' '-o' 'cmTryCompileExec2482497165' '-rdynamic' '-shared-libgcc' '-mtune=generic' '-march=x86-64'
 /usr/lib/gcc/x86_64-linux-gnu/4.8/collect2 --sysroot=/ --build-id --eh-frame-hdr -m elf_x86_64 --hash-style=gnu --as-needed -export-dynamic -dynamic-linker /lib64/ld-linux-x86-64.so.2 -z relro -o cmTryCompileExec2482497165 /usr/lib/gcc/x86_64-linux-gnu/4.8/../../../x86_64-linux-gnu/crt1.o /usr/lib/gcc/x86_64-linux-gnu/4.8/../../../x86_64-linux-gnu/crti.o /usr/lib/gcc/x86_64-linux-gnu/4.8/crtbegin.o -L/usr/lib/gcc/x86_64-linux-gnu/4.8 -L/usr/lib/gcc/x86_64-linux-gnu/4.8/../../../x86_64-linux-gnu -L/usr/lib/gcc/x86_64-linux-gnu/4.8/../../../../lib -L/lib/x86_64-linux-gnu -L/lib/../lib -L/usr/lib/x86_64-linux-gnu -L/usr/lib/../lib -L/usr/lib/gcc/x86_64-linux-gnu/4.8/../../.. CMakeFiles/cmTryCompileExec2482497165.dir/CMakeCXXCompilerABI.cpp.o -lstdc++ -lm -lgcc_s -lgcc -lc -lgcc_s -lgcc /usr/lib/gcc/x86_64-linux-gnu/4.8/crtend.o /usr/lib/gcc/x86_64-linux-gnu/4.8/../../../x86_64-linux-gnu/crtn.o
make[1]: Leaving directory `/home/lucas/Downloads/dlib-sample/build/CMakeFiles/CMakeTmp'


Parsed CXX implicit link information from above output:
  link line regex: [^( *|.*[/\])(ld|([^/\]+-)?ld|collect2)[^/\]*( |$)]
  ignore line: [Change Dir: /home/lucas/Downloads/dlib-sample/build/CMakeFiles/CMakeTmp]
  ignore line: []
  ignore line: [Run Build Command:/usr/bin/make "cmTryCompileExec2482497165/fast"]
  ignore line: [/usr/bin/make -f CMakeFiles/cmTryCompileExec2482497165.dir/build.make CMakeFiles/cmTryCompileExec2482497165.dir/build]
  ignore line: [make[1]: Entering directory `/home/lucas/Downloads/dlib-sample/build/CMakeFiles/CMakeTmp']
  ignore line: [/usr/bin/cmake -E cmake_progress_report /home/lucas/Downloads/dlib-sample/build/CMakeFiles/CMakeTmp/CMakeFiles 1]
  ignore line: [Building CXX object CMakeFiles/cmTryCompileExec2482497165.dir/CMakeCXXCompilerABI.cpp.o]
  ignore line: [/usr/bin/c++     -o CMakeFiles/cmTryCompileExec2482497165.dir/CMakeCXXCompilerABI.cpp.o -c /usr/share/cmake-2.8/Modules/CMakeCXXCompilerABI.cpp]
  ignore line: [Linking CXX executable cmTryCompileExec2482497165]
  ignore line: [/usr/bin/cmake -E cmake_link_script CMakeFiles/cmTryCompileExec2482497165.dir/link.txt --verbose=1]
  ignore line: [/usr/bin/c++      -v CMakeFiles/cmTryCompileExec2482497165.dir/CMakeCXXCompilerABI.cpp.o  -o cmTryCompileExec2482497165 -rdynamic  ]
  ignore line: [Using built-in specs.]
  ignore line: [COLLECT_GCC=/usr/bin/c++]
  ignore line: [COLLECT_LTO_WRAPPER=/usr/lib/gcc/x86_64-linux-gnu/4.8/lto-wrapper]
  ignore line: [Target: x86_64-linux-gnu]
  ignore line: [Configured with: ../src/configure -v --with-pkgversion='Ubuntu 4.8.4-2ubuntu1~14.04.3' --with-bugurl=file:///usr/share/doc/gcc-4.8/README.Bugs --enable-languages=c,c++,java,go,d,fortran,objc,obj-c++ --prefix=/usr --program-suffix=-4.8 --enable-shared --enable-linker-build-id --libexecdir=/usr/lib --without-included-gettext --enable-threads=posix --with-gxx-include-dir=/usr/include/c++/4.8 --libdir=/usr/lib --enable-nls --with-sysroot=/ --enable-clocale=gnu --enable-libstdcxx-debug --enable-libstdcxx-time=yes --enable-gnu-unique-object --disable-libmudflap --enable-plugin --with-system-zlib --disable-browser-plugin --enable-java-awt=gtk --enable-gtk-cairo --with-java-home=/usr/lib/jvm/java-1.5.0-gcj-4.8-amd64/jre --enable-java-home --with-jvm-root-dir=/usr/lib/jvm/java-1.5.0-gcj-4.8-amd64 --with-jvm-jar-dir=/usr/lib/jvm-exports/java-1.5.0-gcj-4.8-amd64 --with-arch-directory=amd64 --with-ecj-jar=/usr/share/java/eclipse-ecj.jar --enable-objc-gc --enable-multiarch --disable-werror --with-arch-32=i686 --with-abi=m64 --with-multilib-list=m32,m64,mx32 --with-tune=generic --enable-checking=release --build=x86_64-linux-gnu --host=x86_64-linux-gnu --target=x86_64-linux-gnu]
  ignore line: [Thread model: posix]
  ignore line: [gcc version 4.8.4 (Ubuntu 4.8.4-2ubuntu1~14.04.3) ]
  ignore line: [COMPILER_PATH=/usr/lib/gcc/x86_64-linux-gnu/4.8/:/usr/lib/gcc/x86_64-linux-gnu/4.8/:/usr/lib/gcc/x86_64-linux-gnu/:/usr/lib/gcc/x86_64-linux-gnu/4.8/:/usr/lib/gcc/x86_64-linux-gnu/]
  ignore line: [LIBRARY_PATH=/usr/lib/gcc/x86_64-linux-gnu/4.8/:/usr/lib/gcc/x86_64-linux-gnu/4.8/../../../x86_64-linux-gnu/:/usr/lib/gcc/x86_64-linux-gnu/4.8/../../../../lib/:/lib/x86_64-linux-gnu/:/lib/../lib/:/usr/lib/x86_64-linux-gnu/:/usr/lib/../lib/:/usr/lib/gcc/x86_64-linux-gnu/4.8/../../../:/lib/:/usr/lib/]
  ignore line: [COLLECT_GCC_OPTIONS='-v' '-o' 'cmTryCompileExec2482497165' '-rdynamic' '-shared-libgcc' '-mtune=generic' '-march=x86-64']
  link line: [ /usr/lib/gcc/x86_64-linux-gnu/4.8/collect2 --sysroot=/ --build-id --eh-frame-hdr -m elf_x86_64 --hash-style=gnu --as-needed -export-dynamic -dynamic-linker /lib64/ld-linux-x86-64.so.2 -z relro -o cmTryCompileExec2482497165 /usr/lib/gcc/x86_64-linux-gnu/4.8/../../../x86_64-linux-gnu/crt1.o /usr/lib/gcc/x86_64-linux-gnu/4.8/../../../x86_64-linux-gnu/crti.o /usr/lib/gcc/x86_64-linux-gnu/4.8/crtbegin.o -L/usr/lib/gcc/x86_64-linux-gnu/4.8 -L/usr/lib/gcc/x86_64-linux-gnu/4.8/../../../x86_64-linux-gnu -L/usr/lib/gcc/x86_64-linux-gnu/4.8/../../../../lib -L/lib/x86_64-linux-gnu -L/lib/../lib -L/usr/lib/x86_64-linux-gnu -L/usr/lib/../lib -L/usr/lib/gcc/x86_64-linux-gnu/4.8/../../.. CMakeFiles/cmTryCompileExec2482497165.dir/CMakeCXXCompilerABI.cpp.o -lstdc++ -lm -lgcc_s -lgcc -lc -lgcc_s -lgcc /usr/lib/gcc/x86_64-linux-gnu/4.8/crtend.o /usr/lib/gcc/x86_64-linux-gnu/4.8/../../../x86_64-linux-gnu/crtn.o]
    arg [/usr/lib/gcc/x86_64-linux-gnu/4.8/collect2] ==> ignore
    arg [--sysroot=/] ==> ignore
    arg [--build-id] ==> ignore
    arg [--eh-frame-hdr] ==> ignore
    arg [-m] ==> ignore
    arg [elf_x86_64] ==> ignore
    arg [--hash-style=gnu] ==> ignore
    arg [--as-needed] ==> ignore
    arg [-export-dynamic] ==> ignore
    arg [-dynamic-linker] ==> ignore
    arg [/lib64/ld-linux-x86-64.so.2] ==> ignore
    arg [-zrelro] ==> ignore
    arg [-o] ==> ignore
    arg [cmTryCompileExec2482497165] ==> ignore
    arg [/usr/lib/gcc/x86_64-linux-gnu/4.8/../../../x86_64-linux-gnu/crt1.o] ==> ignore
    arg [/usr/lib/gcc/x86_64-linux-gnu/4.8/../../../x86_64-linux-gnu/crti.o] ==> ignore
    arg [/usr/lib/gcc/x86_64-linux-gnu/4.8/crtbegin.o] ==> ignore
    arg [-L/usr/lib/gcc/x86_64-linux-gnu/4.8] ==> dir [/usr/lib/gcc/x86_64-linux-gnu/4.8]
    arg [-L/usr/lib/gcc/x86_64-linux-gnu/4.8/../../../x86_64-linux-gnu] ==> dir [/usr/lib/gcc/x86_64-linux-gnu/4.8/../../../x86_64-linux-gnu]
    arg [-L/usr/lib/gcc/x86_64-linux-gnu/4.8/../../../../lib] ==> dir [/usr/lib/gcc/x86_64-linux-gnu/4.8/../../../../lib]
    arg [-L/lib/x86_64-linux-gnu] ==> dir [/lib/x86_64-linux-gnu]
    arg [-L/lib/../lib] ==> dir [/lib/../lib]
    arg [-L/usr/lib/x86_64-linux-gnu] ==> dir [/usr/lib/x86_64-linux-gnu]
    arg [-L/usr/lib/../lib] ==> dir [/usr/lib/../lib]
    arg [-L/usr/lib/gcc/x86_64-linux-gnu/4.8/../../..] ==> dir [/usr/lib/gcc/x86_64-linux-gnu/4.8/../../..]
    arg [CMakeFiles/cmTryCompileExec2482497165.dir/CMakeCXXCompilerABI.cpp.o] ==> ignore
    arg [-lstdc++] ==> lib [stdc++]
    arg [-lm] ==> lib [m]
    arg [-lgcc_s] ==> lib [gcc_s]
    arg [-lgcc] ==> lib [gcc]
    arg [-lc] ==> lib [c]
    arg [-lgcc_s] ==> lib [gcc_s]
    arg [-lgcc] ==> lib [gcc]
    arg [/usr/lib/gcc/x86_64-linux-gnu/4.8/crtend.o] ==> ignore
    arg [/usr/lib/gcc/x86_64-linux-gnu/4.8/../../../x86_64-linux-gnu/crtn.o] ==> ignore
  remove lib [gcc_s]
  remove lib [gcc]
  remove lib [gcc_s]
  remove lib [gcc]
  collapse library dir [/usr/lib/gcc/x86_64-linux-gnu/4.8] ==> [/usr/lib/gcc/x86_64-linux-gnu/4.8]
  collapse library dir [/usr/lib/gcc/x86_64-linux-gnu/4.8/../../../x86_64-linux-gnu] ==> [/usr/lib/x86_64-linux-gnu]
  collapse library dir [/usr/lib/gcc/x86_64-linux-gnu/4.8/../../../../lib] ==> [/usr/lib]
  collapse library dir [/lib/x86_64-linux-gnu] ==> [/lib/x86_64-linux-gnu]
  collapse library dir [/lib/../lib] ==> [/lib]
  collapse library dir [/usr/lib/x86_64-linux-gnu] ==> [/usr/lib/x86_64-linux-gnu]
  collapse library dir [/usr/lib/../lib] ==> [/usr/lib]
  collapse library dir [/usr/lib/gcc/x86_64-linux-gnu/4.8/../../..] ==> [/usr/lib]
  implicit libs: [stdc++;m;c]
  implicit dirs: [/usr/lib/gcc/x86_64-linux-gnu/4.8;/usr/lib/x86_64-linux-gnu;/usr/lib;/lib/x86_64-linux-gnu;/lib]
  implicit fwks: []


Determining if files pthread.h exist passed with the following output:
Change Dir: /home/lucas/Downloads/dlib-sample/build/CMakeFiles/CMakeTmp

Run Build Command:/usr/bin/make "cmTryCompileExec2514479994/fast"
/usr/bin/make -f CMakeFiles/cmTryCompileExec2514479994.dir/build.make CMakeFiles/cmTryCompileExec2514479994.dir/build
make[1]: Entering directory `/home/lucas/Downloads/dlib-sample/build/CMakeFiles/CMakeTmp'
/usr/bin/cmake -E cmake_progress_report /home/lucas/Downloads/dlib-sample/build/CMakeFiles/CMakeTmp/CMakeFiles 1
Building C object CMakeFiles/cmTryCompileExec2514479994.dir/CheckIncludeFiles.c.o
/usr/bin/cc    -o CMakeFiles/cmTryCompileExec2514479994.dir/CheckIncludeFiles.c.o   -c /home/lucas/Downloads/dlib-sample/build/CMakeFiles/CMakeTmp/CheckIncludeFiles.c
Linking C executable cmTryCompileExec2514479994
/usr/bin/cmake -E cmake_link_script CMakeFiles/cmTryCompileExec2514479994.dir/link.txt --verbose=1
/usr/bin/cc       CMakeFiles/cmTryCompileExec2514479994.dir/CheckIncludeFiles.c.o  -o cmTryCompileExec2514479994 -rdynamic 
make[1]: Leaving directory `/home/lucas/Downloads/dlib-sample/build/CMakeFiles/CMakeTmp'


Determining if the function pthread_create exists in the pthread passed with the following output:
Change Dir: /home/lucas/Downloads/dlib-sample/build/CMakeFiles/CMakeTmp

Run Build Command:/usr/bin/make "cmTryCompileExec267725498/fast"
/usr/bin/make -f CMakeFiles/cmTryCompileExec267725498.dir/build.make CMakeFiles/cmTryCompileExec267725498.dir/build
make[1]: Entering directory `/home/lucas/Downloads/dlib-sample/build/CMakeFiles/CMakeTmp'
/usr/bin/cmake -E cmake_progress_report /home/lucas/Downloads/dlib-sample/build/CMakeFiles/CMakeTmp/CMakeFiles 1
Building C object CMakeFiles/cmTryCompileExec267725498.dir/CheckFunctionExists.c.o
/usr/bin/cc   -DCHECK_FUNCTION_EXISTS=pthread_create   -o CMakeFiles/cmTryCompileExec267725498.dir/CheckFunctionExists.c.o   -c /usr/share/cmake-2.8/Modules/CheckFunctionExists.c
Linking C executable cmTryCompileExec267725498
/usr/bin/cmake -E cmake_link_script CMakeFiles/cmTryCompileExec267725498.dir/link.txt --verbose=1
/usr/bin/cc   -DCHECK_FUNCTION_EXISTS=pthread_create    CMakeFiles/cmTryCompileExec267725498.dir/CheckFunctionExists.c.o  -o cmTryCompileExec267725498 -rdynamic -lpthread 
make[1]: Leaving directory `/home/lucas/Downloads/dlib-sample/build/CMakeFiles/CMakeTmp'


Determining if the function XOpenDisplay exists in the /usr/lib/x86_64-linux-gnu/libX11.so;/usr/lib/x86_64-linux-gnu/libXext.so passed with the following output:
Change Dir: /home/lucas/Downloads/dlib-sample/build/CMakeFiles/CMakeTmp

Run Build Command:/usr/bin/make "cmTryCompileExec2823732992/fast"
/usr/bin/make -f CMakeFiles/cmTryCompileExec2823732992.dir/build.make CMakeFiles/cmTryCompileExec2823732992.dir/build
make[1]: Entering directory `/home/lucas/Downloads/dlib-sample/build/CMakeFiles/CMakeTmp'
/usr/bin/cmake -E cmake_progress_report /home/lucas/Downloads/dlib-sample/build/CMakeFiles/CMakeTmp/CMakeFiles 1
Building C object CMakeFiles/cmTryCompileExec2823732992.dir/CheckFunctionExists.c.o
/usr/bin/cc   -DCHECK_FUNCTION_EXISTS=XOpenDisplay   -o CMakeFiles/cmTryCompileExec2823732992.dir/CheckFunctionExists.c.o   -c /usr/share/cmake-2.8/Modules/CheckFunctionExists.c
Linking C executable cmTryCompileExec2823732992
/usr/bin/cmake -E cmake_link_script CMakeFiles/cmTryCompileExec2823732992.dir/link.txt --verbose=1
/usr/bin/cc   -DCHECK_FUNCTION_EXISTS=XOpenDisplay    CMakeFiles/cmTryCompileExec2823732992.dir/CheckFunctionExists.c.o  -o cmTryCompileExec2823732992 -rdynamic -lX11 -lXext 
make[1]: Leaving directory `/home/lucas/Downloads/dlib-sample/build/CMakeFiles/CMakeTmp'


Determining if the function gethostbyname exists passed with the following output:
Change Dir: /home/lucas/Downloads/dlib-sample/build/CMakeFiles/CMakeTmp

Run Build Command:/usr/bin/make "cmTryCompileExec1099390656/fast"
/usr/bin/make -f CMakeFiles/cmTryCompileExec1099390656.dir/build.make CMakeFiles/cmTryCompileExec1099390656.dir/build
make[1]: Entering directory `/home/lucas/Downloads/dlib-sample/build/CMakeFiles/CMakeTmp'
/usr/bin/cmake -E cmake_progress_report /home/lucas/Downloads/dlib-sample/build/CMakeFiles/CMakeTmp/CMakeFiles 1
Building C object CMakeFiles/cmTryCompileExec1099390656.dir/CheckFunctionExists.c.o
/usr/bin/cc   -DCHECK_FUNCTION_EXISTS=gethostbyname   -o CMakeFiles/cmTryCompileExec1099390656.dir/CheckFunctionExists.c.o   -c /usr/share/cmake-2.8/Modules/CheckFunctionExists.c
Linking C executable cmTryCompileExec1099390656
/usr/bin/cmake -E cmake_link_script CMakeFiles/cmTryCompileExec1099390656.dir/link.txt --verbose=1
/usr/bin/cc   -DCHECK_FUNCTION_EXISTS=gethostbyname    CMakeFiles/cmTryCompileExec1099390656.dir/CheckFunctionExists.c.o  -o cmTryCompileExec1099390656 -rdynamic 
make[1]: Leaving directory `/home/lucas/Downloads/dlib-sample/build/CMakeFiles/CMakeTmp'


Determining if the function connect exists passed with the following output:
Change Dir: /home/lucas/Downloads/dlib-sample/build/CMakeFiles/CMakeTmp

Run Build Command:/usr/bin/make "cmTryCompileExec3679013313/fast"
/usr/bin/make -f CMakeFiles/cmTryCompileExec3679013313.dir/build.make CMakeFiles/cmTryCompileExec3679013313.dir/build
make[1]: Entering directory `/home/lucas/Downloads/dlib-sample/build/CMakeFiles/CMakeTmp'
/usr/bin/cmake -E cmake_progress_report /home/lucas/Downloads/dlib-sample/build/CMakeFiles/CMakeTmp/CMakeFiles 1
Building C object CMakeFiles/cmTryCompileExec3679013313.dir/CheckFunctionExists.c.o
/usr/bin/cc   -DCHECK_FUNCTION_EXISTS=connect   -o CMakeFiles/cmTryCompileExec3679013313.dir/CheckFunctionExists.c.o   -c /usr/share/cmake-2.8/Modules/CheckFunctionExists.c
Linking C executable cmTryCompileExec3679013313
/usr/bin/cmake -E cmake_link_script CMakeFiles/cmTryCompileExec3679013313.dir/link.txt --verbose=1
/usr/bin/cc   -DCHECK_FUNCTION_EXISTS=connect    CMakeFiles/cmTryCompileExec3679013313.dir/CheckFunctionExists.c.o  -o cmTryCompileExec3679013313 -rdynamic 
make[1]: Leaving directory `/home/lucas/Downloads/dlib-sample/build/CMakeFiles/CMakeTmp'


Determining if the function remove exists passed with the following output:
Change Dir: /home/lucas/Downloads/dlib-sample/build/CMakeFiles/CMakeTmp

Run Build Command:/usr/bin/make "cmTryCompileExec135726986/fast"
/usr/bin/make -f CMakeFiles/cmTryCompileExec135726986.dir/build.make CMakeFiles/cmTryCompileExec135726986.dir/build
make[1]: Entering directory `/home/lucas/Downloads/dlib-sample/build/CMakeFiles/CMakeTmp'
/usr/bin/cmake -E cmake_progress_report /home/lucas/Downloads/dlib-sample/build/CMakeFiles/CMakeTmp/CMakeFiles 1
Building C object CMakeFiles/cmTryCompileExec135726986.dir/CheckFunctionExists.c.o
/usr/bin/cc   -DCHECK_FUNCTION_EXISTS=remove   -o CMakeFiles/cmTryCompileExec135726986.dir/CheckFunctionExists.c.o   -c /usr/share/cmake-2.8/Modules/CheckFunctionExists.c
Linking C executable cmTryCompileExec135726986
/usr/bin/cmake -E cmake_link_script CMakeFiles/cmTryCompileExec135726986.dir/link.txt --verbose=1
/usr/bin/cc   -DCHECK_FUNCTION_EXISTS=remove    CMakeFiles/cmTryCompileExec135726986.dir/CheckFunctionExists.c.o  -o cmTryCompileExec135726986 -rdynamic 
make[1]: Leaving directory `/home/lucas/Downloads/dlib-sample/build/CMakeFiles/CMakeTmp'


Determining if the function shmat exists passed with the following output:
Change Dir: /home/lucas/Downloads/dlib-sample/build/CMakeFiles/CMakeTmp

Run Build Command:/usr/bin/make "cmTryCompileExec3281252175/fast"
/usr/bin/make -f CMakeFiles/cmTryCompileExec3281252175.dir/build.make CMakeFiles/cmTryCompileExec3281252175.dir/build
make[1]: Entering directory `/home/lucas/Downloads/dlib-sample/build/CMakeFiles/CMakeTmp'
/usr/bin/cmake -E cmake_progress_report /home/lucas/Downloads/dlib-sample/build/CMakeFiles/CMakeTmp/CMakeFiles 1
Building C object CMakeFiles/cmTryCompileExec3281252175.dir/CheckFunctionExists.c.o
/usr/bin/cc   -DCHECK_FUNCTION_EXISTS=shmat   -o CMakeFiles/cmTryCompileExec3281252175.dir/CheckFunctionExists.c.o   -c /usr/share/cmake-2.8/Modules/CheckFunctionExists.c
Linking C executable cmTryCompileExec3281252175
/usr/bin/cmake -E cmake_link_script CMakeFiles/cmTryCompileExec3281252175.dir/link.txt --verbose=1
/usr/bin/cc   -DCHECK_FUNCTION_EXISTS=shmat    CMakeFiles/cmTryCompileExec3281252175.dir/CheckFunctionExists.c.o  -o cmTryCompileExec3281252175 -rdynamic 
make[1]: Leaving directory `/home/lucas/Downloads/dlib-sample/build/CMakeFiles/CMakeTmp'


Determining if the function IceConnectionNumber exists in the ICE passed with the following output:
Change Dir: /home/lucas/Downloads/dlib-sample/build/CMakeFiles/CMakeTmp

Run Build Command:/usr/bin/make "cmTryCompileExec1989913985/fast"
/usr/bin/make -f CMakeFiles/cmTryCompileExec1989913985.dir/build.make CMakeFiles/cmTryCompileExec1989913985.dir/build
make[1]: Entering directory `/home/lucas/Downloads/dlib-sample/build/CMakeFiles/CMakeTmp'
/usr/bin/cmake -E cmake_progress_report /home/lucas/Downloads/dlib-sample/build/CMakeFiles/CMakeTmp/CMakeFiles 1
Building C object CMakeFiles/cmTryCompileExec1989913985.dir/CheckFunctionExists.c.o
/usr/bin/cc   -DCHECK_FUNCTION_EXISTS=IceConnectionNumber   -o CMakeFiles/cmTryCompileExec1989913985.dir/CheckFunctionExists.c.o   -c /usr/share/cmake-2.8/Modules/CheckFunctionExists.c
Linking C executable cmTryCompileExec1989913985
/usr/bin/cmake -E cmake_link_script CMakeFiles/cmTryCompileExec1989913985.dir/link.txt --verbose=1
/usr/bin/cc   -DCHECK_FUNCTION_EXISTS=IceConnectionNumber    CMakeFiles/cmTryCompileExec1989913985.dir/CheckFunctionExists.c.o  -o cmTryCompileExec1989913985 -rdynamic -lICE 
make[1]: Leaving directory `/home/lucas/Downloads/dlib-sample/build/CMakeFiles/CMakeTmp'


Performing C SOURCE FILE Test GIF_GifFileType_UserData succeded with the following output:
Change Dir: /home/lucas/Downloads/dlib-sample/build/CMakeFiles/CMakeTmp

Run Build Command:/usr/bin/make "cmTryCompileExec541216871/fast"
/usr/bin/make -f CMakeFiles/cmTryCompileExec541216871.dir/build.make CMakeFiles/cmTryCompileExec541216871.dir/build
make[1]: Entering directory `/home/lucas/Downloads/dlib-sample/build/CMakeFiles/CMakeTmp'
/usr/bin/cmake -E cmake_progress_report /home/lucas/Downloads/dlib-sample/build/CMakeFiles/CMakeTmp/CMakeFiles 1
Building C object CMakeFiles/cmTryCompileExec541216871.dir/src.c.o
/usr/bin/cc   -DGIF_GifFileType_UserData   -o CMakeFiles/cmTryCompileExec541216871.dir/src.c.o   -c /home/lucas/Downloads/dlib-sample/build/CMakeFiles/CMakeTmp/src.c
Linking C executable cmTryCompileExec541216871
/usr/bin/cmake -E cmake_link_script CMakeFiles/cmTryCompileExec541216871.dir/link.txt --verbose=1
/usr/bin/cc   -DGIF_GifFileType_UserData    CMakeFiles/cmTryCompileExec541216871.dir/src.c.o  -o cmTryCompileExec541216871 -rdynamic 
make[1]: Leaving directory `/home/lucas/Downloads/dlib-sample/build/CMakeFiles/CMakeTmp'

Source file was:

#include <gif_lib.h>

int main()
{
   GifFileType* tmp;
   tmp->UserData;
  return 0;
}

Determining if the function png_create_read_struct exists passed with the following output:
Change Dir: /home/lucas/Downloads/dlib-sample/build/CMakeFiles/CMakeTmp

Run Build Command:/usr/bin/make "cmTryCompileExec1618834419/fast"
/usr/bin/make -f CMakeFiles/cmTryCompileExec1618834419.dir/build.make CMakeFiles/cmTryCompileExec1618834419.dir/build
make[1]: Entering directory `/home/lucas/Downloads/dlib-sample/build/CMakeFiles/CMakeTmp'
/usr/bin/cmake -E cmake_progress_report /home/lucas/Downloads/dlib-sample/build/CMakeFiles/CMakeTmp/CMakeFiles 1
Building C object CMakeFiles/cmTryCompileExec1618834419.dir/CheckFunctionExists.c.o
/usr/bin/cc   -DCHECK_FUNCTION_EXISTS=png_create_read_struct   -o CMakeFiles/cmTryCompileExec1618834419.dir/CheckFunctionExists.c.o   -c /usr/share/cmake-2.8/Modules/CheckFunctionExists.c
Linking C executable cmTryCompileExec1618834419
/usr/bin/cmake -E cmake_link_script CMakeFiles/cmTryCompileExec1618834419.dir/link.txt --verbose=1
/usr/bin/cc   -DCHECK_FUNCTION_EXISTS=png_create_read_struct    CMakeFiles/cmTryCompileExec1618834419.dir/CheckFunctionExists.c.o  -o cmTryCompileExec1618834419 -rdynamic -lpng 
make[1]: Leaving directory `/home/lucas/Downloads/dlib-sample/build/CMakeFiles/CMakeTmp'


Determining if the function jpeg_read_header exists passed with the following output:
Change Dir: /home/lucas/Downloads/dlib-sample/build/CMakeFiles/CMakeTmp

Run Build Command:/usr/bin/make "cmTryCompileExec3539671997/fast"
/usr/bin/make -f CMakeFiles/cmTryCompileExec3539671997.dir/build.make CMakeFiles/cmTryCompileExec3539671997.dir/build
make[1]: Entering directory `/home/lucas/Downloads/dlib-sample/build/CMakeFiles/CMakeTmp'
/usr/bin/cmake -E cmake_progress_report /home/lucas/Downloads/dlib-sample/build/CMakeFiles/CMakeTmp/CMakeFiles 1
Building C object CMakeFiles/cmTryCompileExec3539671997.dir/CheckFunctionExists.c.o
/usr/bin/cc   -DCHECK_FUNCTION_EXISTS=jpeg_read_header   -o CMakeFiles/cmTryCompileExec3539671997.dir/CheckFunctionExists.c.o   -c /usr/share/cmake-2.8/Modules/CheckFunctionExists.c
Linking C executable cmTryCompileExec3539671997
/usr/bin/cmake -E cmake_link_script CMakeFiles/cmTryCompileExec3539671997.dir/link.txt --verbose=1
/usr/bin/cc   -DCHECK_FUNCTION_EXISTS=jpeg_read_header    CMakeFiles/cmTryCompileExec3539671997.dir/CheckFunctionExists.c.o  -o cmTryCompileExec3539671997 -rdynamic -ljpeg 
make[1]: Leaving directory `/home/lucas/Downloads/dlib-sample/build/CMakeFiles/CMakeTmp'


Determining if the include file sys/types.h exists passed with the following output:
Change Dir: /home/lucas/Downloads/dlib-sample/build/CMakeFiles/CMakeTmp

Run Build Command:/usr/bin/make "cmTryCompileExec729605652/fast"
/usr/bin/make -f CMakeFiles/cmTryCompileExec729605652.dir/build.make CMakeFiles/cmTryCompileExec729605652.dir/build
make[1]: Entering directory `/home/lucas/Downloads/dlib-sample/build/CMakeFiles/CMakeTmp'
/usr/bin/cmake -E cmake_progress_report /home/lucas/Downloads/dlib-sample/build/CMakeFiles/CMakeTmp/CMakeFiles 1
Building C object CMakeFiles/cmTryCompileExec729605652.dir/CheckIncludeFile.c.o
/usr/bin/cc    -o CMakeFiles/cmTryCompileExec729605652.dir/CheckIncludeFile.c.o   -c /home/lucas/Downloads/dlib-sample/build/CMakeFiles/CMakeTmp/CheckIncludeFile.c
Linking C executable cmTryCompileExec729605652
/usr/bin/cmake -E cmake_link_script CMakeFiles/cmTryCompileExec729605652.dir/link.txt --verbose=1
/usr/bin/cc       CMakeFiles/cmTryCompileExec729605652.dir/CheckIncludeFile.c.o  -o cmTryCompileExec729605652 -rdynamic 
make[1]: Leaving directory `/home/lucas/Downloads/dlib-sample/build/CMakeFiles/CMakeTmp'


Determining if the include file stdint.h exists passed with the following output:
Change Dir: /home/lucas/Downloads/dlib-sample/build/CMakeFiles/CMakeTmp

Run Build Command:/usr/bin/make "cmTryCompileExec3437765402/fast"
/usr/bin/make -f CMakeFiles/cmTryCompileExec3437765402.dir/build.make CMakeFiles/cmTryCompileExec3437765402.dir/build
make[1]: Entering directory `/home/lucas/Downloads/dlib-sample/build/CMakeFiles/CMakeTmp'
/usr/bin/cmake -E cmake_progress_report /home/lucas/Downloads/dlib-sample/build/CMakeFiles/CMakeTmp/CMakeFiles 1
Building C object CMakeFiles/cmTryCompileExec3437765402.dir/CheckIncludeFile.c.o
/usr/bin/cc    -o CMakeFiles/cmTryCompileExec3437765402.dir/CheckIncludeFile.c.o   -c /home/lucas/Downloads/dlib-sample/build/CMakeFiles/CMakeTmp/CheckIncludeFile.c
Linking C executable cmTryCompileExec3437765402
/usr/bin/cmake -E cmake_link_script CMakeFiles/cmTryCompileExec3437765402.dir/link.txt --verbose=1
/usr/bin/cc       CMakeFiles/cmTryCompileExec3437765402.dir/CheckIncludeFile.c.o  -o cmTryCompileExec3437765402 -rdynamic 
make[1]: Leaving directory `/home/lucas/Downloads/dlib-sample/build/CMakeFiles/CMakeTmp'


Determining if the include file stddef.h exists passed with the following output:
Change Dir: /home/lucas/Downloads/dlib-sample/build/CMakeFiles/CMakeTmp

Run Build Command:/usr/bin/make "cmTryCompileExec1219115405/fast"
/usr/bin/make -f CMakeFiles/cmTryCompileExec1219115405.dir/build.make CMakeFiles/cmTryCompileExec1219115405.dir/build
make[1]: Entering directory `/home/lucas/Downloads/dlib-sample/build/CMakeFiles/CMakeTmp'
/usr/bin/cmake -E cmake_progress_report /home/lucas/Downloads/dlib-sample/build/CMakeFiles/CMakeTmp/CMakeFiles 1
Building C object CMakeFiles/cmTryCompileExec1219115405.dir/CheckIncludeFile.c.o
/usr/bin/cc    -o CMakeFiles/cmTryCompileExec1219115405.dir/CheckIncludeFile.c.o   -c /home/lucas/Downloads/dlib-sample/build/CMakeFiles/CMakeTmp/CheckIncludeFile.c
Linking C executable cmTryCompileExec1219115405
/usr/bin/cmake -E cmake_link_script CMakeFiles/cmTryCompileExec1219115405.dir/link.txt --verbose=1
/usr/bin/cc       CMakeFiles/cmTryCompileExec1219115405.dir/CheckIncludeFile.c.o  -o cmTryCompileExec1219115405 -rdynamic 
make[1]: Leaving directory `/home/lucas/Downloads/dlib-sample/build/CMakeFiles/CMakeTmp'


Determining size of void* passed with the following output:
Change Dir: /home/lucas/Downloads/dlib-sample/build/CMakeFiles/CMakeTmp

Run Build Command:/usr/bin/make "cmTryCompileExec201300141/fast"
/usr/bin/make -f CMakeFiles/cmTryCompileExec201300141.dir/build.make CMakeFiles/cmTryCompileExec201300141.dir/build
make[1]: Entering directory `/home/lucas/Downloads/dlib-sample/build/CMakeFiles/CMakeTmp'
/usr/bin/cmake -E cmake_progress_report /home/lucas/Downloads/dlib-sample/build/CMakeFiles/CMakeTmp/CMakeFiles 1
Building C object CMakeFiles/cmTryCompileExec201300141.dir/SIZE_OF_VOID_PTR.c.o
/usr/bin/cc    -o CMakeFiles/cmTryCompileExec201300141.dir/SIZE_OF_VOID_PTR.c.o   -c /home/lucas/Downloads/dlib-sample/build/CMakeFiles/CheckTypeSize/SIZE_OF_VOID_PTR.c
Linking C executable cmTryCompileExec201300141
/usr/bin/cmake -E cmake_link_script CMakeFiles/cmTryCompileExec201300141.dir/link.txt --verbose=1
/usr/bin/cc       CMakeFiles/cmTryCompileExec201300141.dir/SIZE_OF_VOID_PTR.c.o  -o cmTryCompileExec201300141 -rdynamic -ljpeg 
make[1]: Leaving directory `/home/lucas/Downloads/dlib-sample/build/CMakeFiles/CMakeTmp'


Determining if the function cblas_ddot exists passed with the following output:
Change Dir: /home/lucas/Downloads/dlib-sample/build/CMakeFiles/CMakeTmp

Run Build Command:/usr/bin/make "cmTryCompileExec1865775424/fast"
/usr/bin/make -f CMakeFiles/cmTryCompileExec1865775424.dir/build.make CMakeFiles/cmTryCompileExec1865775424.dir/build
make[1]: Entering directory `/home/lucas/Downloads/dlib-sample/build/CMakeFiles/CMakeTmp'
/usr/bin/cmake -E cmake_progress_report /home/lucas/Downloads/dlib-sample/build/CMakeFiles/CMakeTmp/CMakeFiles 1
Building C object CMakeFiles/cmTryCompileExec1865775424.dir/CheckFunctionExists.c.o
/usr/bin/cc   -DCHECK_FUNCTION_EXISTS=cblas_ddot   -o CMakeFiles/cmTryCompileExec1865775424.dir/CheckFunctionExists.c.o   -c /usr/share/cmake-2.8/Modules/CheckFunctionExists.c
Linking C executable cmTryCompileExec1865775424
/usr/bin/cmake -E cmake_link_script CMakeFiles/cmTryCompileExec1865775424.dir/link.txt --verbose=1
/usr/bin/cc   -DCHECK_FUNCTION_EXISTS=cblas_ddot    CMakeFiles/cmTryCompileExec1865775424.dir/CheckFunctionExists.c.o  -o cmTryCompileExec1865775424 -rdynamic -lblas 
make[1]: Leaving directory `/home/lucas/Downloads/dlib-sample/build/CMakeFiles/CMakeTmp'


Determining if files pthread.h exist passed with the following output:
Change Dir: /home/thomas/following-the-leader/dlib-sample/build/CMakeFiles/CMakeTmp

Run Build Command:/usr/bin/make "cmTryCompileExec1033888138/fast"
make[1]: Entering directory `/home/thomas/following-the-leader/dlib-sample/build/CMakeFiles/CMakeTmp'
/usr/bin/make -f CMakeFiles/cmTryCompileExec1033888138.dir/build.make CMakeFiles/cmTryCompileExec1033888138.dir/build
make[2]: Entering directory `/home/thomas/following-the-leader/dlib-sample/build/CMakeFiles/CMakeTmp'
/usr/bin/cmake -E cmake_progress_report /home/thomas/following-the-leader/dlib-sample/build/CMakeFiles/CMakeTmp/CMakeFiles 1
Building C object CMakeFiles/cmTryCompileExec1033888138.dir/CheckIncludeFiles.c.o
/usr/bin/cc    -o CMakeFiles/cmTryCompileExec1033888138.dir/CheckIncludeFiles.c.o   -c /home/thomas/following-the-leader/dlib-sample/build/CMakeFiles/CMakeTmp/CheckIncludeFiles.c
Linking C executable cmTryCompileExec1033888138
/usr/bin/cmake -E cmake_link_script CMakeFiles/cmTryCompileExec1033888138.dir/link.txt --verbose=1
/usr/bin/cc       CMakeFiles/cmTryCompileExec1033888138.dir/CheckIncludeFiles.c.o  -o cmTryCompileExec1033888138 -rdynamic 
make[2]: Leaving directory `/home/thomas/following-the-leader/dlib-sample/build/CMakeFiles/CMakeTmp'
make[1]: Leaving directory `/home/thomas/following-the-leader/dlib-sample/build/CMakeFiles/CMakeTmp'


Determining if the function pthread_create exists in the pthread passed with the following output:
Change Dir: /home/thomas/following-the-leader/dlib-sample/build/CMakeFiles/CMakeTmp

Run Build Command:/usr/bin/make "cmTryCompileExec149583159/fast"
make[1]: Entering directory `/home/thomas/following-the-leader/dlib-sample/build/CMakeFiles/CMakeTmp'
/usr/bin/make -f CMakeFiles/cmTryCompileExec149583159.dir/build.make CMakeFiles/cmTryCompileExec149583159.dir/build
make[2]: Entering directory `/home/thomas/following-the-leader/dlib-sample/build/CMakeFiles/CMakeTmp'
/usr/bin/cmake -E cmake_progress_report /home/thomas/following-the-leader/dlib-sample/build/CMakeFiles/CMakeTmp/CMakeFiles 1
Building C object CMakeFiles/cmTryCompileExec149583159.dir/CheckFunctionExists.c.o
/usr/bin/cc   -DCHECK_FUNCTION_EXISTS=pthread_create   -o CMakeFiles/cmTryCompileExec149583159.dir/CheckFunctionExists.c.o   -c /usr/share/cmake-2.8/Modules/CheckFunctionExists.c
Linking C executable cmTryCompileExec149583159
/usr/bin/cmake -E cmake_link_script CMakeFiles/cmTryCompileExec149583159.dir/link.txt --verbose=1
/usr/bin/cc   -DCHECK_FUNCTION_EXISTS=pthread_create    CMakeFiles/cmTryCompileExec149583159.dir/CheckFunctionExists.c.o  -o cmTryCompileExec149583159 -rdynamic -lpthread 
make[2]: Leaving directory `/home/thomas/following-the-leader/dlib-sample/build/CMakeFiles/CMakeTmp'
make[1]: Leaving directory `/home/thomas/following-the-leader/dlib-sample/build/CMakeFiles/CMakeTmp'


Determining if the function XOpenDisplay exists in the /usr/lib/x86_64-linux-gnu/libX11.so;/usr/lib/x86_64-linux-gnu/libXext.so passed with the following output:
Change Dir: /home/thomas/following-the-leader/dlib-sample/build/CMakeFiles/CMakeTmp

Run Build Command:/usr/bin/make "cmTryCompileExec3423188560/fast"
make[1]: Entering directory `/home/thomas/following-the-leader/dlib-sample/build/CMakeFiles/CMakeTmp'
/usr/bin/make -f CMakeFiles/cmTryCompileExec3423188560.dir/build.make CMakeFiles/cmTryCompileExec3423188560.dir/build
make[2]: Entering directory `/home/thomas/following-the-leader/dlib-sample/build/CMakeFiles/CMakeTmp'
/usr/bin/cmake -E cmake_progress_report /home/thomas/following-the-leader/dlib-sample/build/CMakeFiles/CMakeTmp/CMakeFiles 1
Building C object CMakeFiles/cmTryCompileExec3423188560.dir/CheckFunctionExists.c.o
/usr/bin/cc   -DCHECK_FUNCTION_EXISTS=XOpenDisplay   -o CMakeFiles/cmTryCompileExec3423188560.dir/CheckFunctionExists.c.o   -c /usr/share/cmake-2.8/Modules/CheckFunctionExists.c
Linking C executable cmTryCompileExec3423188560
/usr/bin/cmake -E cmake_link_script CMakeFiles/cmTryCompileExec3423188560.dir/link.txt --verbose=1
/usr/bin/cc   -DCHECK_FUNCTION_EXISTS=XOpenDisplay    CMakeFiles/cmTryCompileExec3423188560.dir/CheckFunctionExists.c.o  -o cmTryCompileExec3423188560 -rdynamic -lX11 -lXext 
make[2]: Leaving directory `/home/thomas/following-the-leader/dlib-sample/build/CMakeFiles/CMakeTmp'
make[1]: Leaving directory `/home/thomas/following-the-leader/dlib-sample/build/CMakeFiles/CMakeTmp'


Determining if the function gethostbyname exists passed with the following output:
Change Dir: /home/thomas/following-the-leader/dlib-sample/build/CMakeFiles/CMakeTmp

Run Build Command:/usr/bin/make "cmTryCompileExec3229976704/fast"
make[1]: Entering directory `/home/thomas/following-the-leader/dlib-sample/build/CMakeFiles/CMakeTmp'
/usr/bin/make -f CMakeFiles/cmTryCompileExec3229976704.dir/build.make CMakeFiles/cmTryCompileExec3229976704.dir/build
make[2]: Entering directory `/home/thomas/following-the-leader/dlib-sample/build/CMakeFiles/CMakeTmp'
/usr/bin/cmake -E cmake_progress_report /home/thomas/following-the-leader/dlib-sample/build/CMakeFiles/CMakeTmp/CMakeFiles 1
Building C object CMakeFiles/cmTryCompileExec3229976704.dir/CheckFunctionExists.c.o
/usr/bin/cc   -DCHECK_FUNCTION_EXISTS=gethostbyname   -o CMakeFiles/cmTryCompileExec3229976704.dir/CheckFunctionExists.c.o   -c /usr/share/cmake-2.8/Modules/CheckFunctionExists.c
Linking C executable cmTryCompileExec3229976704
/usr/bin/cmake -E cmake_link_script CMakeFiles/cmTryCompileExec3229976704.dir/link.txt --verbose=1
/usr/bin/cc   -DCHECK_FUNCTION_EXISTS=gethostbyname    CMakeFiles/cmTryCompileExec3229976704.dir/CheckFunctionExists.c.o  -o cmTryCompileExec3229976704 -rdynamic 
make[2]: Leaving directory `/home/thomas/following-the-leader/dlib-sample/build/CMakeFiles/CMakeTmp'
make[1]: Leaving directory `/home/thomas/following-the-leader/dlib-sample/build/CMakeFiles/CMakeTmp'


Determining if the function connect exists passed with the following output:
Change Dir: /home/thomas/following-the-leader/dlib-sample/build/CMakeFiles/CMakeTmp

Run Build Command:/usr/bin/make "cmTryCompileExec2459125366/fast"
make[1]: Entering directory `/home/thomas/following-the-leader/dlib-sample/build/CMakeFiles/CMakeTmp'
/usr/bin/make -f CMakeFiles/cmTryCompileExec2459125366.dir/build.make CMakeFiles/cmTryCompileExec2459125366.dir/build
make[2]: Entering directory `/home/thomas/following-the-leader/dlib-sample/build/CMakeFiles/CMakeTmp'
/usr/bin/cmake -E cmake_progress_report /home/thomas/following-the-leader/dlib-sample/build/CMakeFiles/CMakeTmp/CMakeFiles 1
Building C object CMakeFiles/cmTryCompileExec2459125366.dir/CheckFunctionExists.c.o
/usr/bin/cc   -DCHECK_FUNCTION_EXISTS=connect   -o CMakeFiles/cmTryCompileExec2459125366.dir/CheckFunctionExists.c.o   -c /usr/share/cmake-2.8/Modules/CheckFunctionExists.c
Linking C executable cmTryCompileExec2459125366
/usr/bin/cmake -E cmake_link_script CMakeFiles/cmTryCompileExec2459125366.dir/link.txt --verbose=1
/usr/bin/cc   -DCHECK_FUNCTION_EXISTS=connect    CMakeFiles/cmTryCompileExec2459125366.dir/CheckFunctionExists.c.o  -o cmTryCompileExec2459125366 -rdynamic 
make[2]: Leaving directory `/home/thomas/following-the-leader/dlib-sample/build/CMakeFiles/CMakeTmp'
make[1]: Leaving directory `/home/thomas/following-the-leader/dlib-sample/build/CMakeFiles/CMakeTmp'


Determining if the function remove exists passed with the following output:
Change Dir: /home/thomas/following-the-leader/dlib-sample/build/CMakeFiles/CMakeTmp

Run Build Command:/usr/bin/make "cmTryCompileExec4089635644/fast"
make[1]: Entering directory `/home/thomas/following-the-leader/dlib-sample/build/CMakeFiles/CMakeTmp'
/usr/bin/make -f CMakeFiles/cmTryCompileExec4089635644.dir/build.make CMakeFiles/cmTryCompileExec4089635644.dir/build
make[2]: Entering directory `/home/thomas/following-the-leader/dlib-sample/build/CMakeFiles/CMakeTmp'
/usr/bin/cmake -E cmake_progress_report /home/thomas/following-the-leader/dlib-sample/build/CMakeFiles/CMakeTmp/CMakeFiles 1
Building C object CMakeFiles/cmTryCompileExec4089635644.dir/CheckFunctionExists.c.o
/usr/bin/cc   -DCHECK_FUNCTION_EXISTS=remove   -o CMakeFiles/cmTryCompileExec4089635644.dir/CheckFunctionExists.c.o   -c /usr/share/cmake-2.8/Modules/CheckFunctionExists.c
Linking C executable cmTryCompileExec4089635644
/usr/bin/cmake -E cmake_link_script CMakeFiles/cmTryCompileExec4089635644.dir/link.txt --verbose=1
/usr/bin/cc   -DCHECK_FUNCTION_EXISTS=remove    CMakeFiles/cmTryCompileExec4089635644.dir/CheckFunctionExists.c.o  -o cmTryCompileExec4089635644 -rdynamic 
make[2]: Leaving directory `/home/thomas/following-the-leader/dlib-sample/build/CMakeFiles/CMakeTmp'
make[1]: Leaving directory `/home/thomas/following-the-leader/dlib-sample/build/CMakeFiles/CMakeTmp'


Determining if the function shmat exists passed with the following output:
Change Dir: /home/thomas/following-the-leader/dlib-sample/build/CMakeFiles/CMakeTmp

Run Build Command:/usr/bin/make "cmTryCompileExec2843334592/fast"
make[1]: Entering directory `/home/thomas/following-the-leader/dlib-sample/build/CMakeFiles/CMakeTmp'
/usr/bin/make -f CMakeFiles/cmTryCompileExec2843334592.dir/build.make CMakeFiles/cmTryCompileExec2843334592.dir/build
make[2]: Entering directory `/home/thomas/following-the-leader/dlib-sample/build/CMakeFiles/CMakeTmp'
/usr/bin/cmake -E cmake_progress_report /home/thomas/following-the-leader/dlib-sample/build/CMakeFiles/CMakeTmp/CMakeFiles 1
Building C object CMakeFiles/cmTryCompileExec2843334592.dir/CheckFunctionExists.c.o
/usr/bin/cc   -DCHECK_FUNCTION_EXISTS=shmat   -o CMakeFiles/cmTryCompileExec2843334592.dir/CheckFunctionExists.c.o   -c /usr/share/cmake-2.8/Modules/CheckFunctionExists.c
Linking C executable cmTryCompileExec2843334592
/usr/bin/cmake -E cmake_link_script CMakeFiles/cmTryCompileExec2843334592.dir/link.txt --verbose=1
/usr/bin/cc   -DCHECK_FUNCTION_EXISTS=shmat    CMakeFiles/cmTryCompileExec2843334592.dir/CheckFunctionExists.c.o  -o cmTryCompileExec2843334592 -rdynamic 
make[2]: Leaving directory `/home/thomas/following-the-leader/dlib-sample/build/CMakeFiles/CMakeTmp'
make[1]: Leaving directory `/home/thomas/following-the-leader/dlib-sample/build/CMakeFiles/CMakeTmp'


Determining if the function IceConnectionNumber exists in the ICE passed with the following output:
Change Dir: /home/thomas/following-the-leader/dlib-sample/build/CMakeFiles/CMakeTmp

Run Build Command:/usr/bin/make "cmTryCompileExec3359787348/fast"
make[1]: Entering directory `/home/thomas/following-the-leader/dlib-sample/build/CMakeFiles/CMakeTmp'
/usr/bin/make -f CMakeFiles/cmTryCompileExec3359787348.dir/build.make CMakeFiles/cmTryCompileExec3359787348.dir/build
make[2]: Entering directory `/home/thomas/following-the-leader/dlib-sample/build/CMakeFiles/CMakeTmp'
/usr/bin/cmake -E cmake_progress_report /home/thomas/following-the-leader/dlib-sample/build/CMakeFiles/CMakeTmp/CMakeFiles 1
Building C object CMakeFiles/cmTryCompileExec3359787348.dir/CheckFunctionExists.c.o
/usr/bin/cc   -DCHECK_FUNCTION_EXISTS=IceConnectionNumber   -o CMakeFiles/cmTryCompileExec3359787348.dir/CheckFunctionExists.c.o   -c /usr/share/cmake-2.8/Modules/CheckFunctionExists.c
Linking C executable cmTryCompileExec3359787348
/usr/bin/cmake -E cmake_link_script CMakeFiles/cmTryCompileExec3359787348.dir/link.txt --verbose=1
/usr/bin/cc   -DCHECK_FUNCTION_EXISTS=IceConnectionNumber    CMakeFiles/cmTryCompileExec3359787348.dir/CheckFunctionExists.c.o  -o cmTryCompileExec3359787348 -rdynamic -lICE 
make[2]: Leaving directory `/home/thomas/following-the-leader/dlib-sample/build/CMakeFiles/CMakeTmp'
make[1]: Leaving directory `/home/thomas/following-the-leader/dlib-sample/build/CMakeFiles/CMakeTmp'


Performing C SOURCE FILE Test GIF_GifFileType_UserData succeded with the following output:
Change Dir: /home/thomas/following-the-leader/dlib-sample/build/CMakeFiles/CMakeTmp

Run Build Command:/usr/bin/make "cmTryCompileExec3661510622/fast"
make[1]: Entering directory `/home/thomas/following-the-leader/dlib-sample/build/CMakeFiles/CMakeTmp'
/usr/bin/make -f CMakeFiles/cmTryCompileExec3661510622.dir/build.make CMakeFiles/cmTryCompileExec3661510622.dir/build
make[2]: Entering directory `/home/thomas/following-the-leader/dlib-sample/build/CMakeFiles/CMakeTmp'
/usr/bin/cmake -E cmake_progress_report /home/thomas/following-the-leader/dlib-sample/build/CMakeFiles/CMakeTmp/CMakeFiles 1
Building C object CMakeFiles/cmTryCompileExec3661510622.dir/src.c.o
/usr/bin/cc   -DGIF_GifFileType_UserData   -o CMakeFiles/cmTryCompileExec3661510622.dir/src.c.o   -c /home/thomas/following-the-leader/dlib-sample/build/CMakeFiles/CMakeTmp/src.c
Linking C executable cmTryCompileExec3661510622
/usr/bin/cmake -E cmake_link_script CMakeFiles/cmTryCompileExec3661510622.dir/link.txt --verbose=1
/usr/bin/cc   -DGIF_GifFileType_UserData    CMakeFiles/cmTryCompileExec3661510622.dir/src.c.o  -o cmTryCompileExec3661510622 -rdynamic 
make[2]: Leaving directory `/home/thomas/following-the-leader/dlib-sample/build/CMakeFiles/CMakeTmp'
make[1]: Leaving directory `/home/thomas/following-the-leader/dlib-sample/build/CMakeFiles/CMakeTmp'

Source file was:

#include <gif_lib.h>

int main()
{
   GifFileType* tmp;
   tmp->UserData;
  return 0;
}

Determining if the function png_create_read_struct exists passed with the following output:
Change Dir: /home/thomas/following-the-leader/dlib-sample/build/CMakeFiles/CMakeTmp

Run Build Command:/usr/bin/make "cmTryCompileExec1837297909/fast"
make[1]: Entering directory `/home/thomas/following-the-leader/dlib-sample/build/CMakeFiles/CMakeTmp'
/usr/bin/make -f CMakeFiles/cmTryCompileExec1837297909.dir/build.make CMakeFiles/cmTryCompileExec1837297909.dir/build
make[2]: Entering directory `/home/thomas/following-the-leader/dlib-sample/build/CMakeFiles/CMakeTmp'
/usr/bin/cmake -E cmake_progress_report /home/thomas/following-the-leader/dlib-sample/build/CMakeFiles/CMakeTmp/CMakeFiles 1
Building C object CMakeFiles/cmTryCompileExec1837297909.dir/CheckFunctionExists.c.o
/usr/bin/cc   -DCHECK_FUNCTION_EXISTS=png_create_read_struct   -o CMakeFiles/cmTryCompileExec1837297909.dir/CheckFunctionExists.c.o   -c /usr/share/cmake-2.8/Modules/CheckFunctionExists.c
Linking C executable cmTryCompileExec1837297909
/usr/bin/cmake -E cmake_link_script CMakeFiles/cmTryCompileExec1837297909.dir/link.txt --verbose=1
/usr/bin/cc   -DCHECK_FUNCTION_EXISTS=png_create_read_struct    CMakeFiles/cmTryCompileExec1837297909.dir/CheckFunctionExists.c.o  -o cmTryCompileExec1837297909 -rdynamic -lpng 
make[2]: Leaving directory `/home/thomas/following-the-leader/dlib-sample/build/CMakeFiles/CMakeTmp'
make[1]: Leaving directory `/home/thomas/following-the-leader/dlib-sample/build/CMakeFiles/CMakeTmp'


Determining if the function jpeg_read_header exists passed with the following output:
Change Dir: /home/thomas/following-the-leader/dlib-sample/build/CMakeFiles/CMakeTmp

Run Build Command:/usr/bin/make "cmTryCompileExec2380637503/fast"
make[1]: Entering directory `/home/thomas/following-the-leader/dlib-sample/build/CMakeFiles/CMakeTmp'
/usr/bin/make -f CMakeFiles/cmTryCompileExec2380637503.dir/build.make CMakeFiles/cmTryCompileExec2380637503.dir/build
make[2]: Entering directory `/home/thomas/following-the-leader/dlib-sample/build/CMakeFiles/CMakeTmp'
/usr/bin/cmake -E cmake_progress_report /home/thomas/following-the-leader/dlib-sample/build/CMakeFiles/CMakeTmp/CMakeFiles 1
Building C object CMakeFiles/cmTryCompileExec2380637503.dir/CheckFunctionExists.c.o
/usr/bin/cc   -DCHECK_FUNCTION_EXISTS=jpeg_read_header   -o CMakeFiles/cmTryCompileExec2380637503.dir/CheckFunctionExists.c.o   -c /usr/share/cmake-2.8/Modules/CheckFunctionExists.c
Linking C executable cmTryCompileExec2380637503
/usr/bin/cmake -E cmake_link_script CMakeFiles/cmTryCompileExec2380637503.dir/link.txt --verbose=1
/usr/bin/cc   -DCHECK_FUNCTION_EXISTS=jpeg_read_header    CMakeFiles/cmTryCompileExec2380637503.dir/CheckFunctionExists.c.o  -o cmTryCompileExec2380637503 -rdynamic -ljpeg 
make[2]: Leaving directory `/home/thomas/following-the-leader/dlib-sample/build/CMakeFiles/CMakeTmp'
make[1]: Leaving directory `/home/thomas/following-the-leader/dlib-sample/build/CMakeFiles/CMakeTmp'


Determining if the include file sys/types.h exists passed with the following output:
Change Dir: /home/thomas/following-the-leader/dlib-sample/build/CMakeFiles/CMakeTmp

Run Build Command:/usr/bin/make "cmTryCompileExec2825661227/fast"
make[1]: Entering directory `/home/thomas/following-the-leader/dlib-sample/build/CMakeFiles/CMakeTmp'
/usr/bin/make -f CMakeFiles/cmTryCompileExec2825661227.dir/build.make CMakeFiles/cmTryCompileExec2825661227.dir/build
make[2]: Entering directory `/home/thomas/following-the-leader/dlib-sample/build/CMakeFiles/CMakeTmp'
/usr/bin/cmake -E cmake_progress_report /home/thomas/following-the-leader/dlib-sample/build/CMakeFiles/CMakeTmp/CMakeFiles 1
Building C object CMakeFiles/cmTryCompileExec2825661227.dir/CheckIncludeFile.c.o
/usr/bin/cc    -o CMakeFiles/cmTryCompileExec2825661227.dir/CheckIncludeFile.c.o   -c /home/thomas/following-the-leader/dlib-sample/build/CMakeFiles/CMakeTmp/CheckIncludeFile.c
Linking C executable cmTryCompileExec2825661227
/usr/bin/cmake -E cmake_link_script CMakeFiles/cmTryCompileExec2825661227.dir/link.txt --verbose=1
/usr/bin/cc       CMakeFiles/cmTryCompileExec2825661227.dir/CheckIncludeFile.c.o  -o cmTryCompileExec2825661227 -rdynamic 
make[2]: Leaving directory `/home/thomas/following-the-leader/dlib-sample/build/CMakeFiles/CMakeTmp'
make[1]: Leaving directory `/home/thomas/following-the-leader/dlib-sample/build/CMakeFiles/CMakeTmp'


Determining if the include file stdint.h exists passed with the following output:
Change Dir: /home/thomas/following-the-leader/dlib-sample/build/CMakeFiles/CMakeTmp

Run Build Command:/usr/bin/make "cmTryCompileExec932737630/fast"
make[1]: Entering directory `/home/thomas/following-the-leader/dlib-sample/build/CMakeFiles/CMakeTmp'
/usr/bin/make -f CMakeFiles/cmTryCompileExec932737630.dir/build.make CMakeFiles/cmTryCompileExec932737630.dir/build
make[2]: Entering directory `/home/thomas/following-the-leader/dlib-sample/build/CMakeFiles/CMakeTmp'
/usr/bin/cmake -E cmake_progress_report /home/thomas/following-the-leader/dlib-sample/build/CMakeFiles/CMakeTmp/CMakeFiles 1
Building C object CMakeFiles/cmTryCompileExec932737630.dir/CheckIncludeFile.c.o
/usr/bin/cc    -o CMakeFiles/cmTryCompileExec932737630.dir/CheckIncludeFile.c.o   -c /home/thomas/following-the-leader/dlib-sample/build/CMakeFiles/CMakeTmp/CheckIncludeFile.c
Linking C executable cmTryCompileExec932737630
/usr/bin/cmake -E cmake_link_script CMakeFiles/cmTryCompileExec932737630.dir/link.txt --verbose=1
/usr/bin/cc       CMakeFiles/cmTryCompileExec932737630.dir/CheckIncludeFile.c.o  -o cmTryCompileExec932737630 -rdynamic 
make[2]: Leaving directory `/home/thomas/following-the-leader/dlib-sample/build/CMakeFiles/CMakeTmp'
make[1]: Leaving directory `/home/thomas/following-the-leader/dlib-sample/build/CMakeFiles/CMakeTmp'


Determining if the include file stddef.h exists passed with the following output:
Change Dir: /home/thomas/following-the-leader/dlib-sample/build/CMakeFiles/CMakeTmp

Run Build Command:/usr/bin/make "cmTryCompileExec3899658370/fast"
make[1]: Entering directory `/home/thomas/following-the-leader/dlib-sample/build/CMakeFiles/CMakeTmp'
/usr/bin/make -f CMakeFiles/cmTryCompileExec3899658370.dir/build.make CMakeFiles/cmTryCompileExec3899658370.dir/build
make[2]: Entering directory `/home/thomas/following-the-leader/dlib-sample/build/CMakeFiles/CMakeTmp'
/usr/bin/cmake -E cmake_progress_report /home/thomas/following-the-leader/dlib-sample/build/CMakeFiles/CMakeTmp/CMakeFiles 1
Building C object CMakeFiles/cmTryCompileExec3899658370.dir/CheckIncludeFile.c.o
/usr/bin/cc    -o CMakeFiles/cmTryCompileExec3899658370.dir/CheckIncludeFile.c.o   -c /home/thomas/following-the-leader/dlib-sample/build/CMakeFiles/CMakeTmp/CheckIncludeFile.c
Linking C executable cmTryCompileExec3899658370
/usr/bin/cmake -E cmake_link_script CMakeFiles/cmTryCompileExec3899658370.dir/link.txt --verbose=1
/usr/bin/cc       CMakeFiles/cmTryCompileExec3899658370.dir/CheckIncludeFile.c.o  -o cmTryCompileExec3899658370 -rdynamic 
make[2]: Leaving directory `/home/thomas/following-the-leader/dlib-sample/build/CMakeFiles/CMakeTmp'
make[1]: Leaving directory `/home/thomas/following-the-leader/dlib-sample/build/CMakeFiles/CMakeTmp'


Determining size of void* passed with the following output:
Change Dir: /home/thomas/following-the-leader/dlib-sample/build/CMakeFiles/CMakeTmp

Run Build Command:/usr/bin/make "cmTryCompileExec704438199/fast"
make[1]: Entering directory `/home/thomas/following-the-leader/dlib-sample/build/CMakeFiles/CMakeTmp'
/usr/bin/make -f CMakeFiles/cmTryCompileExec704438199.dir/build.make CMakeFiles/cmTryCompileExec704438199.dir/build
make[2]: Entering directory `/home/thomas/following-the-leader/dlib-sample/build/CMakeFiles/CMakeTmp'
/usr/bin/cmake -E cmake_progress_report /home/thomas/following-the-leader/dlib-sample/build/CMakeFiles/CMakeTmp/CMakeFiles 1
Building C object CMakeFiles/cmTryCompileExec704438199.dir/SIZE_OF_VOID_PTR.c.o
/usr/bin/cc    -o CMakeFiles/cmTryCompileExec704438199.dir/SIZE_OF_VOID_PTR.c.o   -c /home/thomas/following-the-leader/dlib-sample/build/CMakeFiles/CheckTypeSize/SIZE_OF_VOID_PTR.c
Linking C executable cmTryCompileExec704438199
/usr/bin/cmake -E cmake_link_script CMakeFiles/cmTryCompileExec704438199.dir/link.txt --verbose=1
/usr/bin/cc       CMakeFiles/cmTryCompileExec704438199.dir/SIZE_OF_VOID_PTR.c.o  -o cmTryCompileExec704438199 -rdynamic -ljpeg 
make[2]: Leaving directory `/home/thomas/following-the-leader/dlib-sample/build/CMakeFiles/CMakeTmp'
make[1]: Leaving directory `/home/thomas/following-the-leader/dlib-sample/build/CMakeFiles/CMakeTmp'


Determining if the function cblas_ddot exists passed with the following output:
Change Dir: /home/thomas/following-the-leader/dlib-sample/build/CMakeFiles/CMakeTmp

Run Build Command:/usr/bin/make "cmTryCompileExec49521939/fast"
make[1]: Entering directory `/home/thomas/following-the-leader/dlib-sample/build/CMakeFiles/CMakeTmp'
/usr/bin/make -f CMakeFiles/cmTryCompileExec49521939.dir/build.make CMakeFiles/cmTryCompileExec49521939.dir/build
make[2]: Entering directory `/home/thomas/following-the-leader/dlib-sample/build/CMakeFiles/CMakeTmp'
/usr/bin/cmake -E cmake_progress_report /home/thomas/following-the-leader/dlib-sample/build/CMakeFiles/CMakeTmp/CMakeFiles 1
Building C object CMakeFiles/cmTryCompileExec49521939.dir/CheckFunctionExists.c.o
/usr/bin/cc   -DCHECK_FUNCTION_EXISTS=cblas_ddot   -o CMakeFiles/cmTryCompileExec49521939.dir/CheckFunctionExists.c.o   -c /usr/share/cmake-2.8/Modules/CheckFunctionExists.c
Linking C executable cmTryCompileExec49521939
/usr/bin/cmake -E cmake_link_script CMakeFiles/cmTryCompileExec49521939.dir/link.txt --verbose=1
/usr/bin/cc   -DCHECK_FUNCTION_EXISTS=cblas_ddot    CMakeFiles/cmTryCompileExec49521939.dir/CheckFunctionExists.c.o  -o cmTryCompileExec49521939 -rdynamic -latlas -lcblas 
make[2]: Leaving directory `/home/thomas/following-the-leader/dlib-sample/build/CMakeFiles/CMakeTmp'
make[1]: Leaving directory `/home/thomas/following-the-leader/dlib-sample/build/CMakeFiles/CMakeTmp'


Determining if files pthread.h exist passed with the following output:
Change Dir: /home/thomas/following-the-leader/correlation_dlib/build/CMakeFiles/CMakeTmp

Run Build Command:/usr/bin/make "cmTryCompileExec4037302971/fast"
make[1]: Entering directory `/home/thomas/following-the-leader/correlation_dlib/build/CMakeFiles/CMakeTmp'
/usr/bin/make -f CMakeFiles/cmTryCompileExec4037302971.dir/build.make CMakeFiles/cmTryCompileExec4037302971.dir/build
make[2]: Entering directory `/home/thomas/following-the-leader/correlation_dlib/build/CMakeFiles/CMakeTmp'
/usr/bin/cmake -E cmake_progress_report /home/thomas/following-the-leader/correlation_dlib/build/CMakeFiles/CMakeTmp/CMakeFiles 1
Building C object CMakeFiles/cmTryCompileExec4037302971.dir/CheckIncludeFiles.c.o
/usr/bin/cc    -o CMakeFiles/cmTryCompileExec4037302971.dir/CheckIncludeFiles.c.o   -c /home/thomas/following-the-leader/correlation_dlib/build/CMakeFiles/CMakeTmp/CheckIncludeFiles.c
Linking C executable cmTryCompileExec4037302971
/usr/bin/cmake -E cmake_link_script CMakeFiles/cmTryCompileExec4037302971.dir/link.txt --verbose=1
/usr/bin/cc       CMakeFiles/cmTryCompileExec4037302971.dir/CheckIncludeFiles.c.o  -o cmTryCompileExec4037302971 -rdynamic 
make[2]: Leaving directory `/home/thomas/following-the-leader/correlation_dlib/build/CMakeFiles/CMakeTmp'
make[1]: Leaving directory `/home/thomas/following-the-leader/correlation_dlib/build/CMakeFiles/CMakeTmp'


Determining if the function pthread_create exists in the pthread passed with the following output:
Change Dir: /home/thomas/following-the-leader/correlation_dlib/build/CMakeFiles/CMakeTmp

Run Build Command:/usr/bin/make "cmTryCompileExec1869171518/fast"
make[1]: Entering directory `/home/thomas/following-the-leader/correlation_dlib/build/CMakeFiles/CMakeTmp'
/usr/bin/make -f CMakeFiles/cmTryCompileExec1869171518.dir/build.make CMakeFiles/cmTryCompileExec1869171518.dir/build
make[2]: Entering directory `/home/thomas/following-the-leader/correlation_dlib/build/CMakeFiles/CMakeTmp'
/usr/bin/cmake -E cmake_progress_report /home/thomas/following-the-leader/correlation_dlib/build/CMakeFiles/CMakeTmp/CMakeFiles 1
Building C object CMakeFiles/cmTryCompileExec1869171518.dir/CheckFunctionExists.c.o
/usr/bin/cc   -DCHECK_FUNCTION_EXISTS=pthread_create   -o CMakeFiles/cmTryCompileExec1869171518.dir/CheckFunctionExists.c.o   -c /usr/share/cmake-2.8/Modules/CheckFunctionExists.c
Linking C executable cmTryCompileExec1869171518
/usr/bin/cmake -E cmake_link_script CMakeFiles/cmTryCompileExec1869171518.dir/link.txt --verbose=1
/usr/bin/cc   -DCHECK_FUNCTION_EXISTS=pthread_create    CMakeFiles/cmTryCompileExec1869171518.dir/CheckFunctionExists.c.o  -o cmTryCompileExec1869171518 -rdynamic -lpthread 
make[2]: Leaving directory `/home/thomas/following-the-leader/correlation_dlib/build/CMakeFiles/CMakeTmp'
make[1]: Leaving directory `/home/thomas/following-the-leader/correlation_dlib/build/CMakeFiles/CMakeTmp'


Determining if the function XOpenDisplay exists in the /usr/lib/x86_64-linux-gnu/libX11.so;/usr/lib/x86_64-linux-gnu/libXext.so passed with the following output:
Change Dir: /home/thomas/following-the-leader/correlation_dlib/build/CMakeFiles/CMakeTmp

Run Build Command:/usr/bin/make "cmTryCompileExec2849927338/fast"
make[1]: Entering directory `/home/thomas/following-the-leader/correlation_dlib/build/CMakeFiles/CMakeTmp'
/usr/bin/make -f CMakeFiles/cmTryCompileExec2849927338.dir/build.make CMakeFiles/cmTryCompileExec2849927338.dir/build
make[2]: Entering directory `/home/thomas/following-the-leader/correlation_dlib/build/CMakeFiles/CMakeTmp'
/usr/bin/cmake -E cmake_progress_report /home/thomas/following-the-leader/correlation_dlib/build/CMakeFiles/CMakeTmp/CMakeFiles 1
Building C object CMakeFiles/cmTryCompileExec2849927338.dir/CheckFunctionExists.c.o
/usr/bin/cc   -DCHECK_FUNCTION_EXISTS=XOpenDisplay   -o CMakeFiles/cmTryCompileExec2849927338.dir/CheckFunctionExists.c.o   -c /usr/share/cmake-2.8/Modules/CheckFunctionExists.c
Linking C executable cmTryCompileExec2849927338
/usr/bin/cmake -E cmake_link_script CMakeFiles/cmTryCompileExec2849927338.dir/link.txt --verbose=1
/usr/bin/cc   -DCHECK_FUNCTION_EXISTS=XOpenDisplay    CMakeFiles/cmTryCompileExec2849927338.dir/CheckFunctionExists.c.o  -o cmTryCompileExec2849927338 -rdynamic -lX11 -lXext 
make[2]: Leaving directory `/home/thomas/following-the-leader/correlation_dlib/build/CMakeFiles/CMakeTmp'
make[1]: Leaving directory `/home/thomas/following-the-leader/correlation_dlib/build/CMakeFiles/CMakeTmp'


Determining if the function gethostbyname exists passed with the following output:
Change Dir: /home/thomas/following-the-leader/correlation_dlib/build/CMakeFiles/CMakeTmp

Run Build Command:/usr/bin/make "cmTryCompileExec3681419599/fast"
make[1]: Entering directory `/home/thomas/following-the-leader/correlation_dlib/build/CMakeFiles/CMakeTmp'
/usr/bin/make -f CMakeFiles/cmTryCompileExec3681419599.dir/build.make CMakeFiles/cmTryCompileExec3681419599.dir/build
make[2]: Entering directory `/home/thomas/following-the-leader/correlation_dlib/build/CMakeFiles/CMakeTmp'
/usr/bin/cmake -E cmake_progress_report /home/thomas/following-the-leader/correlation_dlib/build/CMakeFiles/CMakeTmp/CMakeFiles 1
Building C object CMakeFiles/cmTryCompileExec3681419599.dir/CheckFunctionExists.c.o
/usr/bin/cc   -DCHECK_FUNCTION_EXISTS=gethostbyname   -o CMakeFiles/cmTryCompileExec3681419599.dir/CheckFunctionExists.c.o   -c /usr/share/cmake-2.8/Modules/CheckFunctionExists.c
Linking C executable cmTryCompileExec3681419599
/usr/bin/cmake -E cmake_link_script CMakeFiles/cmTryCompileExec3681419599.dir/link.txt --verbose=1
/usr/bin/cc   -DCHECK_FUNCTION_EXISTS=gethostbyname    CMakeFiles/cmTryCompileExec3681419599.dir/CheckFunctionExists.c.o  -o cmTryCompileExec3681419599 -rdynamic 
make[2]: Leaving directory `/home/thomas/following-the-leader/correlation_dlib/build/CMakeFiles/CMakeTmp'
make[1]: Leaving directory `/home/thomas/following-the-leader/correlation_dlib/build/CMakeFiles/CMakeTmp'


Determining if the function connect exists passed with the following output:
Change Dir: /home/thomas/following-the-leader/correlation_dlib/build/CMakeFiles/CMakeTmp

Run Build Command:/usr/bin/make "cmTryCompileExec3484015980/fast"
make[1]: Entering directory `/home/thomas/following-the-leader/correlation_dlib/build/CMakeFiles/CMakeTmp'
/usr/bin/make -f CMakeFiles/cmTryCompileExec3484015980.dir/build.make CMakeFiles/cmTryCompileExec3484015980.dir/build
make[2]: Entering directory `/home/thomas/following-the-leader/correlation_dlib/build/CMakeFiles/CMakeTmp'
/usr/bin/cmake -E cmake_progress_report /home/thomas/following-the-leader/correlation_dlib/build/CMakeFiles/CMakeTmp/CMakeFiles 1
Building C object CMakeFiles/cmTryCompileExec3484015980.dir/CheckFunctionExists.c.o
/usr/bin/cc   -DCHECK_FUNCTION_EXISTS=connect   -o CMakeFiles/cmTryCompileExec3484015980.dir/CheckFunctionExists.c.o   -c /usr/share/cmake-2.8/Modules/CheckFunctionExists.c
Linking C executable cmTryCompileExec3484015980
/usr/bin/cmake -E cmake_link_script CMakeFiles/cmTryCompileExec3484015980.dir/link.txt --verbose=1
/usr/bin/cc   -DCHECK_FUNCTION_EXISTS=connect    CMakeFiles/cmTryCompileExec3484015980.dir/CheckFunctionExists.c.o  -o cmTryCompileExec3484015980 -rdynamic 
make[2]: Leaving directory `/home/thomas/following-the-leader/correlation_dlib/build/CMakeFiles/CMakeTmp'
make[1]: Leaving directory `/home/thomas/following-the-leader/correlation_dlib/build/CMakeFiles/CMakeTmp'


Determining if the function remove exists passed with the following output:
Change Dir: /home/thomas/following-the-leader/correlation_dlib/build/CMakeFiles/CMakeTmp

Run Build Command:/usr/bin/make "cmTryCompileExec2219220681/fast"
make[1]: Entering directory `/home/thomas/following-the-leader/correlation_dlib/build/CMakeFiles/CMakeTmp'
/usr/bin/make -f CMakeFiles/cmTryCompileExec2219220681.dir/build.make CMakeFiles/cmTryCompileExec2219220681.dir/build
make[2]: Entering directory `/home/thomas/following-the-leader/correlation_dlib/build/CMakeFiles/CMakeTmp'
/usr/bin/cmake -E cmake_progress_report /home/thomas/following-the-leader/correlation_dlib/build/CMakeFiles/CMakeTmp/CMakeFiles 1
Building C object CMakeFiles/cmTryCompileExec2219220681.dir/CheckFunctionExists.c.o
/usr/bin/cc   -DCHECK_FUNCTION_EXISTS=remove   -o CMakeFiles/cmTryCompileExec2219220681.dir/CheckFunctionExists.c.o   -c /usr/share/cmake-2.8/Modules/CheckFunctionExists.c
Linking C executable cmTryCompileExec2219220681
/usr/bin/cmake -E cmake_link_script CMakeFiles/cmTryCompileExec2219220681.dir/link.txt --verbose=1
/usr/bin/cc   -DCHECK_FUNCTION_EXISTS=remove    CMakeFiles/cmTryCompileExec2219220681.dir/CheckFunctionExists.c.o  -o cmTryCompileExec2219220681 -rdynamic 
make[2]: Leaving directory `/home/thomas/following-the-leader/correlation_dlib/build/CMakeFiles/CMakeTmp'
make[1]: Leaving directory `/home/thomas/following-the-leader/correlation_dlib/build/CMakeFiles/CMakeTmp'


Determining if the function shmat exists passed with the following output:
Change Dir: /home/thomas/following-the-leader/correlation_dlib/build/CMakeFiles/CMakeTmp

Run Build Command:/usr/bin/make "cmTryCompileExec3288589830/fast"
make[1]: Entering directory `/home/thomas/following-the-leader/correlation_dlib/build/CMakeFiles/CMakeTmp'
/usr/bin/make -f CMakeFiles/cmTryCompileExec3288589830.dir/build.make CMakeFiles/cmTryCompileExec3288589830.dir/build
make[2]: Entering directory `/home/thomas/following-the-leader/correlation_dlib/build/CMakeFiles/CMakeTmp'
/usr/bin/cmake -E cmake_progress_report /home/thomas/following-the-leader/correlation_dlib/build/CMakeFiles/CMakeTmp/CMakeFiles 1
Building C object CMakeFiles/cmTryCompileExec3288589830.dir/CheckFunctionExists.c.o
/usr/bin/cc   -DCHECK_FUNCTION_EXISTS=shmat   -o CMakeFiles/cmTryCompileExec3288589830.dir/CheckFunctionExists.c.o   -c /usr/share/cmake-2.8/Modules/CheckFunctionExists.c
Linking C executable cmTryCompileExec3288589830
/usr/bin/cmake -E cmake_link_script CMakeFiles/cmTryCompileExec3288589830.dir/link.txt --verbose=1
/usr/bin/cc   -DCHECK_FUNCTION_EXISTS=shmat    CMakeFiles/cmTryCompileExec3288589830.dir/CheckFunctionExists.c.o  -o cmTryCompileExec3288589830 -rdynamic 
make[2]: Leaving directory `/home/thomas/following-the-leader/correlation_dlib/build/CMakeFiles/CMakeTmp'
make[1]: Leaving directory `/home/thomas/following-the-leader/correlation_dlib/build/CMakeFiles/CMakeTmp'


Determining if the function IceConnectionNumber exists in the ICE passed with the following output:
Change Dir: /home/thomas/following-the-leader/correlation_dlib/build/CMakeFiles/CMakeTmp

Run Build Command:/usr/bin/make "cmTryCompileExec3546536784/fast"
make[1]: Entering directory `/home/thomas/following-the-leader/correlation_dlib/build/CMakeFiles/CMakeTmp'
/usr/bin/make -f CMakeFiles/cmTryCompileExec3546536784.dir/build.make CMakeFiles/cmTryCompileExec3546536784.dir/build
make[2]: Entering directory `/home/thomas/following-the-leader/correlation_dlib/build/CMakeFiles/CMakeTmp'
/usr/bin/cmake -E cmake_progress_report /home/thomas/following-the-leader/correlation_dlib/build/CMakeFiles/CMakeTmp/CMakeFiles 1
Building C object CMakeFiles/cmTryCompileExec3546536784.dir/CheckFunctionExists.c.o
/usr/bin/cc   -DCHECK_FUNCTION_EXISTS=IceConnectionNumber   -o CMakeFiles/cmTryCompileExec3546536784.dir/CheckFunctionExists.c.o   -c /usr/share/cmake-2.8/Modules/CheckFunctionExists.c
Linking C executable cmTryCompileExec3546536784
/usr/bin/cmake -E cmake_link_script CMakeFiles/cmTryCompileExec3546536784.dir/link.txt --verbose=1
/usr/bin/cc   -DCHECK_FUNCTION_EXISTS=IceConnectionNumber    CMakeFiles/cmTryCompileExec3546536784.dir/CheckFunctionExists.c.o  -o cmTryCompileExec3546536784 -rdynamic -lICE 
make[2]: Leaving directory `/home/thomas/following-the-leader/correlation_dlib/build/CMakeFiles/CMakeTmp'
make[1]: Leaving directory `/home/thomas/following-the-leader/correlation_dlib/build/CMakeFiles/CMakeTmp'


Performing C SOURCE FILE Test GIF_GifFileType_UserData succeded with the following output:
Change Dir: /home/thomas/following-the-leader/correlation_dlib/build/CMakeFiles/CMakeTmp

Run Build Command:/usr/bin/make "cmTryCompileExec3587525268/fast"
make[1]: Entering directory `/home/thomas/following-the-leader/correlation_dlib/build/CMakeFiles/CMakeTmp'
/usr/bin/make -f CMakeFiles/cmTryCompileExec3587525268.dir/build.make CMakeFiles/cmTryCompileExec3587525268.dir/build
make[2]: Entering directory `/home/thomas/following-the-leader/correlation_dlib/build/CMakeFiles/CMakeTmp'
/usr/bin/cmake -E cmake_progress_report /home/thomas/following-the-leader/correlation_dlib/build/CMakeFiles/CMakeTmp/CMakeFiles 1
Building C object CMakeFiles/cmTryCompileExec3587525268.dir/src.c.o
/usr/bin/cc   -DGIF_GifFileType_UserData   -o CMakeFiles/cmTryCompileExec3587525268.dir/src.c.o   -c /home/thomas/following-the-leader/correlation_dlib/build/CMakeFiles/CMakeTmp/src.c
Linking C executable cmTryCompileExec3587525268
/usr/bin/cmake -E cmake_link_script CMakeFiles/cmTryCompileExec3587525268.dir/link.txt --verbose=1
/usr/bin/cc   -DGIF_GifFileType_UserData    CMakeFiles/cmTryCompileExec3587525268.dir/src.c.o  -o cmTryCompileExec3587525268 -rdynamic 
make[2]: Leaving directory `/home/thomas/following-the-leader/correlation_dlib/build/CMakeFiles/CMakeTmp'
make[1]: Leaving directory `/home/thomas/following-the-leader/correlation_dlib/build/CMakeFiles/CMakeTmp'

Source file was:

#include <gif_lib.h>

int main()
{
   GifFileType* tmp;
   tmp->UserData;
  return 0;
}

Determining if the function png_create_read_struct exists passed with the following output:
Change Dir: /home/thomas/following-the-leader/correlation_dlib/build/CMakeFiles/CMakeTmp

Run Build Command:/usr/bin/make "cmTryCompileExec2456933440/fast"
make[1]: Entering directory `/home/thomas/following-the-leader/correlation_dlib/build/CMakeFiles/CMakeTmp'
/usr/bin/make -f CMakeFiles/cmTryCompileExec2456933440.dir/build.make CMakeFiles/cmTryCompileExec2456933440.dir/build
make[2]: Entering directory `/home/thomas/following-the-leader/correlation_dlib/build/CMakeFiles/CMakeTmp'
/usr/bin/cmake -E cmake_progress_report /home/thomas/following-the-leader/correlation_dlib/build/CMakeFiles/CMakeTmp/CMakeFiles 1
Building C object CMakeFiles/cmTryCompileExec2456933440.dir/CheckFunctionExists.c.o
/usr/bin/cc   -DCHECK_FUNCTION_EXISTS=png_create_read_struct   -o CMakeFiles/cmTryCompileExec2456933440.dir/CheckFunctionExists.c.o   -c /usr/share/cmake-2.8/Modules/CheckFunctionExists.c
Linking C executable cmTryCompileExec2456933440
/usr/bin/cmake -E cmake_link_script CMakeFiles/cmTryCompileExec2456933440.dir/link.txt --verbose=1
/usr/bin/cc   -DCHECK_FUNCTION_EXISTS=png_create_read_struct    CMakeFiles/cmTryCompileExec2456933440.dir/CheckFunctionExists.c.o  -o cmTryCompileExec2456933440 -rdynamic -lpng 
make[2]: Leaving directory `/home/thomas/following-the-leader/correlation_dlib/build/CMakeFiles/CMakeTmp'
make[1]: Leaving directory `/home/thomas/following-the-leader/correlation_dlib/build/CMakeFiles/CMakeTmp'


Determining if the function jpeg_read_header exists passed with the following output:
Change Dir: /home/thomas/following-the-leader/correlation_dlib/build/CMakeFiles/CMakeTmp

Run Build Command:/usr/bin/make "cmTryCompileExec410691392/fast"
make[1]: Entering directory `/home/thomas/following-the-leader/correlation_dlib/build/CMakeFiles/CMakeTmp'
/usr/bin/make -f CMakeFiles/cmTryCompileExec410691392.dir/build.make CMakeFiles/cmTryCompileExec410691392.dir/build
make[2]: Entering directory `/home/thomas/following-the-leader/correlation_dlib/build/CMakeFiles/CMakeTmp'
/usr/bin/cmake -E cmake_progress_report /home/thomas/following-the-leader/correlation_dlib/build/CMakeFiles/CMakeTmp/CMakeFiles 1
Building C object CMakeFiles/cmTryCompileExec410691392.dir/CheckFunctionExists.c.o
/usr/bin/cc   -DCHECK_FUNCTION_EXISTS=jpeg_read_header   -o CMakeFiles/cmTryCompileExec410691392.dir/CheckFunctionExists.c.o   -c /usr/share/cmake-2.8/Modules/CheckFunctionExists.c
Linking C executable cmTryCompileExec410691392
/usr/bin/cmake -E cmake_link_script CMakeFiles/cmTryCompileExec410691392.dir/link.txt --verbose=1
/usr/bin/cc   -DCHECK_FUNCTION_EXISTS=jpeg_read_header    CMakeFiles/cmTryCompileExec410691392.dir/CheckFunctionExists.c.o  -o cmTryCompileExec410691392 -rdynamic -ljpeg 
make[2]: Leaving directory `/home/thomas/following-the-leader/correlation_dlib/build/CMakeFiles/CMakeTmp'
make[1]: Leaving directory `/home/thomas/following-the-leader/correlation_dlib/build/CMakeFiles/CMakeTmp'


Determining if the include file sys/types.h exists passed with the following output:
Change Dir: /home/thomas/following-the-leader/correlation_dlib/build/CMakeFiles/CMakeTmp

Run Build Command:/usr/bin/make "cmTryCompileExec155619715/fast"
make[1]: Entering directory `/home/thomas/following-the-leader/correlation_dlib/build/CMakeFiles/CMakeTmp'
/usr/bin/make -f CMakeFiles/cmTryCompileExec155619715.dir/build.make CMakeFiles/cmTryCompileExec155619715.dir/build
make[2]: Entering directory `/home/thomas/following-the-leader/correlation_dlib/build/CMakeFiles/CMakeTmp'
/usr/bin/cmake -E cmake_progress_report /home/thomas/following-the-leader/correlation_dlib/build/CMakeFiles/CMakeTmp/CMakeFiles 1
Building C object CMakeFiles/cmTryCompileExec155619715.dir/CheckIncludeFile.c.o
/usr/bin/cc    -o CMakeFiles/cmTryCompileExec155619715.dir/CheckIncludeFile.c.o   -c /home/thomas/following-the-leader/correlation_dlib/build/CMakeFiles/CMakeTmp/CheckIncludeFile.c
Linking C executable cmTryCompileExec155619715
/usr/bin/cmake -E cmake_link_script CMakeFiles/cmTryCompileExec155619715.dir/link.txt --verbose=1
/usr/bin/cc       CMakeFiles/cmTryCompileExec155619715.dir/CheckIncludeFile.c.o  -o cmTryCompileExec155619715 -rdynamic 
make[2]: Leaving directory `/home/thomas/following-the-leader/correlation_dlib/build/CMakeFiles/CMakeTmp'
make[1]: Leaving directory `/home/thomas/following-the-leader/correlation_dlib/build/CMakeFiles/CMakeTmp'


Determining if the include file stdint.h exists passed with the following output:
Change Dir: /home/thomas/following-the-leader/correlation_dlib/build/CMakeFiles/CMakeTmp

Run Build Command:/usr/bin/make "cmTryCompileExec300398210/fast"
make[1]: Entering directory `/home/thomas/following-the-leader/correlation_dlib/build/CMakeFiles/CMakeTmp'
/usr/bin/make -f CMakeFiles/cmTryCompileExec300398210.dir/build.make CMakeFiles/cmTryCompileExec300398210.dir/build
make[2]: Entering directory `/home/thomas/following-the-leader/correlation_dlib/build/CMakeFiles/CMakeTmp'
/usr/bin/cmake -E cmake_progress_report /home/thomas/following-the-leader/correlation_dlib/build/CMakeFiles/CMakeTmp/CMakeFiles 1
Building C object CMakeFiles/cmTryCompileExec300398210.dir/CheckIncludeFile.c.o
/usr/bin/cc    -o CMakeFiles/cmTryCompileExec300398210.dir/CheckIncludeFile.c.o   -c /home/thomas/following-the-leader/correlation_dlib/build/CMakeFiles/CMakeTmp/CheckIncludeFile.c
Linking C executable cmTryCompileExec300398210
/usr/bin/cmake -E cmake_link_script CMakeFiles/cmTryCompileExec300398210.dir/link.txt --verbose=1
/usr/bin/cc       CMakeFiles/cmTryCompileExec300398210.dir/CheckIncludeFile.c.o  -o cmTryCompileExec300398210 -rdynamic 
make[2]: Leaving directory `/home/thomas/following-the-leader/correlation_dlib/build/CMakeFiles/CMakeTmp'
make[1]: Leaving directory `/home/thomas/following-the-leader/correlation_dlib/build/CMakeFiles/CMakeTmp'


Determining if the include file stddef.h exists passed with the following output:
Change Dir: /home/thomas/following-the-leader/correlation_dlib/build/CMakeFiles/CMakeTmp

Run Build Command:/usr/bin/make "cmTryCompileExec2519680954/fast"
make[1]: Entering directory `/home/thomas/following-the-leader/correlation_dlib/build/CMakeFiles/CMakeTmp'
/usr/bin/make -f CMakeFiles/cmTryCompileExec2519680954.dir/build.make CMakeFiles/cmTryCompileExec2519680954.dir/build
make[2]: Entering directory `/home/thomas/following-the-leader/correlation_dlib/build/CMakeFiles/CMakeTmp'
/usr/bin/cmake -E cmake_progress_report /home/thomas/following-the-leader/correlation_dlib/build/CMakeFiles/CMakeTmp/CMakeFiles 1
Building C object CMakeFiles/cmTryCompileExec2519680954.dir/CheckIncludeFile.c.o
/usr/bin/cc    -o CMakeFiles/cmTryCompileExec2519680954.dir/CheckIncludeFile.c.o   -c /home/thomas/following-the-leader/correlation_dlib/build/CMakeFiles/CMakeTmp/CheckIncludeFile.c
Linking C executable cmTryCompileExec2519680954
/usr/bin/cmake -E cmake_link_script CMakeFiles/cmTryCompileExec2519680954.dir/link.txt --verbose=1
/usr/bin/cc       CMakeFiles/cmTryCompileExec2519680954.dir/CheckIncludeFile.c.o  -o cmTryCompileExec2519680954 -rdynamic 
make[2]: Leaving directory `/home/thomas/following-the-leader/correlation_dlib/build/CMakeFiles/CMakeTmp'
make[1]: Leaving directory `/home/thomas/following-the-leader/correlation_dlib/build/CMakeFiles/CMakeTmp'


Determining size of void* passed with the following output:
Change Dir: /home/thomas/following-the-leader/correlation_dlib/build/CMakeFiles/CMakeTmp

Run Build Command:/usr/bin/make "cmTryCompileExec675294268/fast"
make[1]: Entering directory `/home/thomas/following-the-leader/correlation_dlib/build/CMakeFiles/CMakeTmp'
/usr/bin/make -f CMakeFiles/cmTryCompileExec675294268.dir/build.make CMakeFiles/cmTryCompileExec675294268.dir/build
make[2]: Entering directory `/home/thomas/following-the-leader/correlation_dlib/build/CMakeFiles/CMakeTmp'
/usr/bin/cmake -E cmake_progress_report /home/thomas/following-the-leader/correlation_dlib/build/CMakeFiles/CMakeTmp/CMakeFiles 1
Building C object CMakeFiles/cmTryCompileExec675294268.dir/SIZE_OF_VOID_PTR.c.o
/usr/bin/cc    -o CMakeFiles/cmTryCompileExec675294268.dir/SIZE_OF_VOID_PTR.c.o   -c /home/thomas/following-the-leader/correlation_dlib/build/CMakeFiles/CheckTypeSize/SIZE_OF_VOID_PTR.c
Linking C executable cmTryCompileExec675294268
/usr/bin/cmake -E cmake_link_script CMakeFiles/cmTryCompileExec675294268.dir/link.txt --verbose=1
/usr/bin/cc       CMakeFiles/cmTryCompileExec675294268.dir/SIZE_OF_VOID_PTR.c.o  -o cmTryCompileExec675294268 -rdynamic -ljpeg 
make[2]: Leaving directory `/home/thomas/following-the-leader/correlation_dlib/build/CMakeFiles/CMakeTmp'
make[1]: Leaving directory `/home/thomas/following-the-leader/correlation_dlib/build/CMakeFiles/CMakeTmp'


Determining if the function cblas_ddot exists passed with the following output:
Change Dir: /home/thomas/following-the-leader/correlation_dlib/build/CMakeFiles/CMakeTmp

Run Build Command:/usr/bin/make "cmTryCompileExec3198415652/fast"
make[1]: Entering directory `/home/thomas/following-the-leader/correlation_dlib/build/CMakeFiles/CMakeTmp'
/usr/bin/make -f CMakeFiles/cmTryCompileExec3198415652.dir/build.make CMakeFiles/cmTryCompileExec3198415652.dir/build
make[2]: Entering directory `/home/thomas/following-the-leader/correlation_dlib/build/CMakeFiles/CMakeTmp'
/usr/bin/cmake -E cmake_progress_report /home/thomas/following-the-leader/correlation_dlib/build/CMakeFiles/CMakeTmp/CMakeFiles 1
Building C object CMakeFiles/cmTryCompileExec3198415652.dir/CheckFunctionExists.c.o
/usr/bin/cc   -DCHECK_FUNCTION_EXISTS=cblas_ddot   -o CMakeFiles/cmTryCompileExec3198415652.dir/CheckFunctionExists.c.o   -c /usr/share/cmake-2.8/Modules/CheckFunctionExists.c
Linking C executable cmTryCompileExec3198415652
/usr/bin/cmake -E cmake_link_script CMakeFiles/cmTryCompileExec3198415652.dir/link.txt --verbose=1
/usr/bin/cc   -DCHECK_FUNCTION_EXISTS=cblas_ddot    CMakeFiles/cmTryCompileExec3198415652.dir/CheckFunctionExists.c.o  -o cmTryCompileExec3198415652 -rdynamic -latlas -lcblas 
make[2]: Leaving directory `/home/thomas/following-the-leader/correlation_dlib/build/CMakeFiles/CMakeTmp'
make[1]: Leaving directory `/home/thomas/following-the-leader/correlation_dlib/build/CMakeFiles/CMakeTmp'


